{"meta": {"format": 3, "version": "7.13.5", "timestamp": "2026-04-06T20:29:06.220742", "branch_coverage": false, "show_contexts": false}, "files": {"backtest.py": {"executed_lines": [35, 36, 37, 38, 40, 42, 43, 46, 48, 70, 71, 72, 83, 93, 94, 95, 96, 97, 98, 99, 100, 101, 102, 103, 104, 107, 108, 109, 110, 111, 112, 113, 114, 115, 116, 117, 118, 119, 120, 121, 122, 125, 126, 127, 128, 129, 130, 131, 132, 135, 136, 137, 138, 139, 140, 141, 142, 143, 149, 151, 157, 167, 170, 172, 173, 174, 175, 176, 179, 180, 181, 187, 197, 199, 200, 202, 205, 209, 213, 216, 217, 220, 221, 224, 225, 228, 229, 230, 231, 234, 237, 253, 254, 260, 288, 289, 290, 291, 292, 293, 294, 296, 297, 298, 299, 300, 301, 302, 303, 305, 306, 318, 324, 346, 347, 348, 350, 351, 354, 357, 358, 360, 364, 365, 367, 368, 371, 373, 374, 378, 379, 380, 381, 383, 387, 388, 389, 390, 392, 395, 396, 397, 399, 403, 404, 406, 408, 411, 412, 413, 414, 415, 417, 426, 428, 431, 432, 434, 435, 439, 440, 443, 446, 447, 448, 450, 451, 454, 455, 456, 458, 459, 463, 464, 467, 468, 472, 473, 474, 477, 478, 479, 482, 485, 486, 490, 493, 494, 495, 498, 499, 500, 504, 521, 522, 523, 524, 527, 528, 530, 543, 549, 551, 552, 553, 554, 555, 556, 557, 558, 559, 571, 573, 576, 577, 578, 580, 581, 582, 583, 584, 585, 586, 588, 589, 590, 598, 599, 600, 601, 602, 603, 604, 605, 606, 607, 612, 615, 624, 625, 626, 627, 628, 630, 631, 632, 633, 635, 636, 637, 643, 644, 645, 646, 647, 648, 649, 650, 651, 652, 653, 654, 655, 656, 657, 658, 659, 662, 671, 672, 674, 675, 676, 677, 678, 680, 684, 685, 686, 687, 688, 689, 690, 691, 692, 693, 694, 696, 697, 703, 705, 706, 707, 708, 709, 710, 711, 713, 714, 716, 717, 718, 723, 726, 727, 728, 730, 731, 732, 733, 736, 737, 738, 739, 740, 741, 742, 743, 744, 745, 746, 747, 748, 749, 750, 751, 754, 755, 756, 757, 758, 759, 760, 763, 764, 765, 766, 767, 768, 769, 772, 773, 774, 775, 776, 777, 778, 781, 782, 783, 784, 790, 792, 793, 794, 795, 796, 799, 800, 802, 803, 804, 806, 810, 811, 813, 815, 819, 820, 821, 823, 825, 826, 827, 828, 829, 830, 831, 832, 850, 859, 861, 862, 864, 866, 869, 872, 875, 876, 879, 880, 883, 884, 888, 889, 890, 891, 892, 894, 897, 913, 914, 917, 944, 945, 946, 947, 948, 949, 950, 952, 953, 954, 955, 956, 957, 958, 959, 961, 962, 974, 977, 999, 1000, 1001, 1003, 1004, 1006, 1009, 1010, 1012, 1016, 1017, 1019, 1020, 1023, 1025, 1026, 1030, 1031, 1032, 1033, 1035, 1039, 1040, 1041, 1042, 1044, 1047, 1052, 1057, 1060, 1062, 1066, 1067, 1068, 1069, 1070, 1072, 1073, 1074, 1075, 1079, 1083, 1086, 1087, 1089, 1090, 1093, 1094, 1097, 1100, 1101, 1102, 1104, 1105, 1107, 1108, 1109, 1111, 1112, 1115, 1116, 1119, 1120, 1124, 1125, 1126, 1129, 1130, 1131, 1134, 1137, 1138, 1141, 1143, 1144, 1145, 1148, 1149, 1150, 1154, 1171, 1172, 1173, 1174, 1177, 1178, 1180, 1195, 1198, 1200, 1201, 1202, 1203, 1204, 1205, 1206, 1208, 1209, 1211, 1212, 1213, 1218, 1221, 1222, 1223, 1225, 1226, 1227, 1228, 1230, 1231, 1232, 1233, 1234, 1235, 1236, 1237, 1238, 1239, 1240, 1241, 1242, 1243, 1244, 1245, 1247, 1248, 1249, 1250, 1251, 1252, 1253, 1255, 1256, 1257, 1258, 1259, 1260, 1261, 1263, 1264, 1265, 1266, 1267, 1268, 1269, 1271, 1272, 1273, 1274, 1277, 1279, 1280, 1281, 1282, 1283, 1286, 1287, 1289, 1290, 1291, 1293, 1297, 1298, 1300, 1302, 1306, 1307, 1308, 1310, 1312, 1313, 1314, 1315, 1316, 1317, 1318, 1319, 1332, 1333, 1334, 1340, 1345, 1348, 1349, 1357], "summary": {"covered_lines": 608, "num_statements": 723, "percent_covered": 84.09405255878285, "percent_covered_display": "84", "missing_lines": 115, "excluded_lines": 0, "percent_statements_covered": 84.09405255878285, "percent_statements_covered_display": "84"}, "missing_lines": [177, 201, 206, 210, 214, 218, 222, 226, 235, 375, 376, 384, 385, 400, 401, 418, 419, 420, 422, 423, 424, 436, 441, 444, 460, 465, 469, 475, 487, 496, 502, 531, 532, 533, 535, 536, 537, 538, 540, 541, 574, 608, 609, 610, 638, 639, 641, 807, 808, 816, 817, 834, 836, 837, 838, 839, 840, 841, 842, 863, 867, 870, 873, 877, 881, 885, 895, 1027, 1028, 1036, 1037, 1048, 1049, 1053, 1054, 1058, 1077, 1078, 1081, 1091, 1095, 1098, 1113, 1117, 1121, 1127, 1139, 1146, 1152, 1181, 1182, 1183, 1185, 1186, 1187, 1188, 1190, 1191, 1294, 1295, 1303, 1304, 1321, 1323, 1324, 1325, 1326, 1327, 1328, 1329, 1350, 1351, 1353, 1354, 1358], "excluded_lines": [], "functions": {"get_sector": {"executed_lines": [151], "summary": {"covered_lines": 1, "num_statements": 1, "percent_covered": 100.0, "percent_covered_display": "100", "missing_lines": 0, "excluded_lines": 0, "percent_statements_covered": 100.0, "percent_statements_covered_display": "100"}, "missing_lines": [], "excluded_lines": [], "start_line": 149}, "fetch_ticker": {"executed_lines": [167], "summary": {"covered_lines": 1, "num_statements": 1, "percent_covered": 100.0, "percent_covered_display": "100", "missing_lines": 0, "excluded_lines": 0, "percent_statements_covered": 100.0, "percent_statements_covered_display": "100"}, "missing_lines": [], "excluded_lines": [], "start_line": 157}, "fetch_all": {"executed_lines": [172, 173, 174, 175, 176, 179, 180, 181], "summary": {"covered_lines": 8, "num_statements": 9, "percent_covered": 88.88888888888889, "percent_covered_display": "89", "missing_lines": 1, "excluded_lines": 0, "percent_statements_covered": 88.88888888888889, "percent_statements_covered_display": "89"}, "missing_lines": [177], "excluded_lines": [], "start_line": 170}, "scan_candidates": {"executed_lines": [197, 199, 200, 202, 205, 209, 213, 216, 217, 220, 221, 224, 225, 228, 229, 230, 231, 234, 237, 253, 254], "summary": {"covered_lines": 21, "num_statements": 29, "percent_covered": 72.41379310344827, "percent_covered_display": "72", "missing_lines": 8, "excluded_lines": 0, "percent_statements_covered": 72.41379310344827, "percent_statements_covered_display": "72"}, "missing_lines": [201, 206, 210, 214, 218, 222, 226, 235], "excluded_lines": [], "start_line": 187}, "_close": {"executed_lines": [288, 289, 290, 291, 292, 293, 294, 296, 297, 298, 299, 300, 301, 302, 303, 305, 306, 318], "summary": {"covered_lines": 18, "num_statements": 18, "percent_covered": 100.0, "percent_covered_display": "100", "missing_lines": 0, "excluded_lines": 0, "percent_statements_covered": 100.0, "percent_statements_covered_display": "100"}, "missing_lines": [], "excluded_lines": [], "start_line": 260}, "run_backtest": {"executed_lines": [346, 347, 348, 350, 351, 354, 357, 358, 360, 364, 365, 367, 368, 371, 373, 374, 378, 379, 380, 381, 383, 387, 388, 389, 390, 392, 395, 396, 397, 399, 403, 404, 406, 408, 411, 412, 413, 414, 415, 417, 426, 428, 431, 432, 434, 435, 439, 440, 443, 446, 447, 448, 450, 451, 454, 455, 456, 458, 459, 463, 464, 467, 468, 472, 473, 474, 477, 478, 479, 482, 485, 486, 490, 493, 494, 495, 498, 499, 500, 504, 521, 522, 523, 524, 527, 528, 530, 543], "summary": {"covered_lines": 88, "num_statements": 119, "percent_covered": 73.94957983193277, "percent_covered_display": "74", "missing_lines": 31, "excluded_lines": 0, "percent_statements_covered": 73.94957983193277, "percent_statements_covered_display": "74"}, "missing_lines": [375, 376, 384, 385, 400, 401, 418, 419, 420, 422, 423, 424, 436, 441, 444, 460, 465, 469, 475, 487, 496, 502, 531, 532, 533, 535, 536, 537, 538, 540, 541], "excluded_lines": [], "start_line": 324}, "_period_stats": {"executed_lines": [551, 552, 553, 554, 555, 556, 557, 558, 559], "summary": {"covered_lines": 9, "num_statements": 9, "percent_covered": 100.0, "percent_covered_display": "100", "missing_lines": 0, "excluded_lines": 0, "percent_statements_covered": 100.0, "percent_statements_covered_display": "100"}, "missing_lines": [], "excluded_lines": [], "start_line": 549}, "print_year_breakdown": {"executed_lines": [573, 576, 577, 578, 580, 581, 582, 583, 584, 585, 586, 588, 589, 590, 598, 599, 600, 601, 602, 603, 604, 605, 606, 607, 612], "summary": {"covered_lines": 25, "num_statements": 29, "percent_covered": 86.20689655172414, "percent_covered_display": "86", "missing_lines": 4, "excluded_lines": 0, "percent_statements_covered": 86.20689655172414, "percent_statements_covered_display": "86"}, "missing_lines": [574, 608, 609, 610], "excluded_lines": [], "start_line": 571}, "print_volume_analysis": {"executed_lines": [624, 630, 631, 632, 633, 635, 636, 637, 643, 644, 645, 646, 647, 648, 649, 650, 651, 652, 653, 654, 655, 656, 657, 658, 659], "summary": {"covered_lines": 25, "num_statements": 28, "percent_covered": 89.28571428571429, "percent_covered_display": "89", "missing_lines": 3, "excluded_lines": 0, "percent_statements_covered": 89.28571428571429, "percent_statements_covered_display": "89"}, "missing_lines": [638, 639, 641], "excluded_lines": [], "start_line": 615}, "print_volume_analysis._avg_vol": {"executed_lines": [625, 626, 627, 628], "summary": {"covered_lines": 4, "num_statements": 4, "percent_covered": 100.0, "percent_covered_display": "100", "missing_lines": 0, "excluded_lines": 0, "percent_statements_covered": 100.0, "percent_statements_covered_display": "100"}, "missing_lines": [], "excluded_lines": [], "start_line": 624}, "print_walkforward_summary": {"executed_lines": [671, 672, 674, 675, 676, 677, 678, 680, 684, 685, 686, 687, 688, 689, 690, 691, 692, 693, 694, 696, 697], "summary": {"covered_lines": 21, "num_statements": 21, "percent_covered": 100.0, "percent_covered_display": "100", "missing_lines": 0, "excluded_lines": 0, "percent_statements_covered": 100.0, "percent_statements_covered_display": "100"}, "missing_lines": [], "excluded_lines": [], "start_line": 662}, "print_summary": {"executed_lines": [705, 706, 707, 708, 709, 710, 711, 713, 714, 716, 717, 718, 723, 726, 727, 728, 730, 731, 732, 733, 736, 737, 738, 739, 740, 741, 742, 743, 744, 745, 746, 747, 748, 749, 750, 751, 754, 755, 756, 757, 758, 759, 760, 763, 764, 765, 766, 767, 768, 769, 772, 773, 774, 775, 776, 777, 778, 781, 782, 783, 784], "summary": {"covered_lines": 61, "num_statements": 61, "percent_covered": 100.0, "percent_covered_display": "100", "missing_lines": 0, "excluded_lines": 0, "percent_statements_covered": 100.0, "percent_statements_covered_display": "100"}, "missing_lines": [], "excluded_lines": [], "start_line": 703}, "run_backtest_strategy": {"executed_lines": [792, 793, 794, 795, 796, 799, 800, 802, 803, 804, 806, 810, 811, 813, 815, 819, 820, 821, 823, 825, 826, 827, 828, 829, 830, 831, 832], "summary": {"covered_lines": 27, "num_statements": 39, "percent_covered": 69.23076923076923, "percent_covered_display": "69", "missing_lines": 12, "excluded_lines": 0, "percent_statements_covered": 69.23076923076923, "percent_statements_covered_display": "69"}, "missing_lines": [807, 808, 816, 817, 834, 836, 837, 838, 839, 840, 841, 842], "excluded_lines": [], "start_line": 790}, "scan_candidates_short": {"executed_lines": [859, 861, 862, 864, 866, 869, 872, 875, 876, 879, 880, 883, 884, 888, 889, 890, 891, 892, 894, 897, 913, 914], "summary": {"covered_lines": 22, "num_statements": 30, "percent_covered": 73.33333333333333, "percent_covered_display": "73", "missing_lines": 8, "excluded_lines": 0, "percent_statements_covered": 73.33333333333333, "percent_statements_covered_display": "73"}, "missing_lines": [863, 867, 870, 873, 877, 881, 885, 895], "excluded_lines": [], "start_line": 850}, "_close_short": {"executed_lines": [944, 945, 946, 947, 948, 949, 950, 952, 953, 954, 955, 956, 957, 958, 959, 961, 962, 974], "summary": {"covered_lines": 18, "num_statements": 18, "percent_covered": 100.0, "percent_covered_display": "100", "missing_lines": 0, "excluded_lines": 0, "percent_statements_covered": 100.0, "percent_statements_covered_display": "100"}, "missing_lines": [], "excluded_lines": [], "start_line": 917}, "run_backtest_short": {"executed_lines": [999, 1000, 1001, 1003, 1004, 1006, 1009, 1010, 1012, 1016, 1017, 1019, 1020, 1023, 1025, 1026, 1030, 1031, 1032, 1033, 1035, 1039, 1040, 1041, 1042, 1044, 1047, 1052, 1057, 1060, 1062, 1066, 1067, 1068, 1069, 1070, 1072, 1073, 1074, 1075, 1079, 1083, 1086, 1087, 1089, 1090, 1093, 1094, 1097, 1100, 1101, 1102, 1104, 1105, 1107, 1108, 1109, 1111, 1112, 1115, 1116, 1119, 1120, 1124, 1125, 1126, 1129, 1130, 1131, 1134, 1137, 1138, 1141, 1143, 1144, 1145, 1148, 1149, 1150, 1154, 1171, 1172, 1173, 1174, 1177, 1178, 1180, 1195], "summary": {"covered_lines": 88, "num_statements": 119, "percent_covered": 73.94957983193277, "percent_covered_display": "74", "missing_lines": 31, "excluded_lines": 0, "percent_statements_covered": 73.94957983193277, "percent_statements_covered_display": "74"}, "missing_lines": [1027, 1028, 1036, 1037, 1048, 1049, 1053, 1054, 1058, 1077, 1078, 1081, 1091, 1095, 1098, 1113, 1117, 1121, 1127, 1139, 1146, 1152, 1181, 1182, 1183, 1185, 1186, 1187, 1188, 1190, 1191], "excluded_lines": [], "start_line": 977}, "print_summary_short": {"executed_lines": [1200, 1201, 1202, 1203, 1204, 1205, 1206, 1208, 1209, 1211, 1212, 1213, 1218, 1221, 1222, 1223, 1225, 1226, 1227, 1228, 1230, 1231, 1232, 1233, 1234, 1235, 1236, 1237, 1238, 1239, 1240, 1241, 1242, 1243, 1244, 1245, 1247, 1248, 1249, 1250, 1251, 1252, 1253, 1255, 1256, 1257, 1258, 1259, 1260, 1261, 1263, 1264, 1265, 1266, 1267, 1268, 1269, 1271, 1272, 1273, 1274], "summary": {"covered_lines": 61, "num_statements": 61, "percent_covered": 100.0, "percent_covered_display": "100", "missing_lines": 0, "excluded_lines": 0, "percent_statements_covered": 100.0, "percent_statements_covered_display": "100"}, "missing_lines": [], "excluded_lines": [], "start_line": 1198}, "run_backtest_strategy_short": {"executed_lines": [1279, 1280, 1281, 1282, 1283, 1286, 1287, 1289, 1290, 1291, 1293, 1297, 1298, 1300, 1302, 1306, 1307, 1308, 1310, 1312, 1313, 1314, 1315, 1316, 1317, 1318, 1319], "summary": {"covered_lines": 27, "num_statements": 39, "percent_covered": 69.23076923076923, "percent_covered_display": "69", "missing_lines": 12, "excluded_lines": 0, "percent_statements_covered": 69.23076923076923, "percent_statements_covered_display": "69"}, "missing_lines": [1294, 1295, 1303, 1304, 1321, 1323, 1324, 1325, 1326, 1327, 1328, 1329], "excluded_lines": [], "start_line": 1277}, "main": {"executed_lines": [1333, 1334, 1340, 1345, 1348, 1349], "summary": {"covered_lines": 6, "num_statements": 10, "percent_covered": 60.0, "percent_covered_display": "60", "missing_lines": 4, "excluded_lines": 0, "percent_statements_covered": 60.0, "percent_statements_covered_display": "60"}, "missing_lines": [1350, 1351, 1353, 1354], "excluded_lines": [], "start_line": 1332}, "": {"executed_lines": [35, 36, 37, 38, 40, 42, 43, 46, 48, 70, 71, 72, 83, 93, 94, 95, 96, 97, 98, 99, 100, 101, 102, 103, 104, 107, 108, 109, 110, 111, 112, 113, 114, 115, 116, 117, 118, 119, 120, 121, 122, 125, 126, 127, 128, 129, 130, 131, 132, 135, 136, 137, 138, 139, 140, 141, 142, 143, 149, 157, 170, 187, 260, 324, 549, 571, 615, 662, 703, 790, 850, 917, 977, 1198, 1277, 1332, 1357], "summary": {"covered_lines": 77, "num_statements": 78, "percent_covered": 98.71794871794872, "percent_covered_display": "99", "missing_lines": 1, "excluded_lines": 0, "percent_statements_covered": 98.71794871794872, "percent_statements_covered_display": "99"}, "missing_lines": [1358], "excluded_lines": [], "start_line": 1}}, "classes": {"Candidate": {"executed_lines": [], "summary": {"covered_lines": 0, "num_statements": 0, "percent_covered": 100.0, "percent_covered_display": "100", "missing_lines": 0, "excluded_lines": 0, "percent_statements_covered": 100.0, "percent_statements_covered_display": "100"}, "missing_lines": [], "excluded_lines": [], "start_line": 93}, "_TradeBase": {"executed_lines": [], "summary": {"covered_lines": 0, "num_statements": 0, "percent_covered": 100.0, "percent_covered_display": "100", "missing_lines": 0, "excluded_lines": 0, "percent_statements_covered": 100.0, "percent_statements_covered_display": "100"}, "missing_lines": [], "excluded_lines": [], "start_line": 107}, "Trade": {"executed_lines": [], "summary": {"covered_lines": 0, "num_statements": 0, "percent_covered": 100.0, "percent_covered_display": "100", "missing_lines": 0, "excluded_lines": 0, "percent_statements_covered": 100.0, "percent_statements_covered_display": "100"}, "missing_lines": [], "excluded_lines": [], "start_line": 125}, "PeriodStats": {"executed_lines": [], "summary": {"covered_lines": 0, "num_statements": 0, "percent_covered": 100.0, "percent_covered_display": "100", "missing_lines": 0, "excluded_lines": 0, "percent_statements_covered": 100.0, "percent_statements_covered_display": "100"}, "missing_lines": [], "excluded_lines": [], "start_line": 135}, "": {"executed_lines": [35, 36, 37, 38, 40, 42, 43, 46, 48, 70, 71, 72, 83, 93, 94, 95, 96, 97, 98, 99, 100, 101, 102, 103, 104, 107, 108, 109, 110, 111, 112, 113, 114, 115, 116, 117, 118, 119, 120, 121, 122, 125, 126, 127, 128, 129, 130, 131, 132, 135, 136, 137, 138, 139, 140, 141, 142, 143, 149, 151, 157, 167, 170, 172, 173, 174, 175, 176, 179, 180, 181, 187, 197, 199, 200, 202, 205, 209, 213, 216, 217, 220, 221, 224, 225, 228, 229, 230, 231, 234, 237, 253, 254, 260, 288, 289, 290, 291, 292, 293, 294, 296, 297, 298, 299, 300, 301, 302, 303, 305, 306, 318, 324, 346, 347, 348, 350, 351, 354, 357, 358, 360, 364, 365, 367, 368, 371, 373, 374, 378, 379, 380, 381, 383, 387, 388, 389, 390, 392, 395, 396, 397, 399, 403, 404, 406, 408, 411, 412, 413, 414, 415, 417, 426, 428, 431, 432, 434, 435, 439, 440, 443, 446, 447, 448, 450, 451, 454, 455, 456, 458, 459, 463, 464, 467, 468, 472, 473, 474, 477, 478, 479, 482, 485, 486, 490, 493, 494, 495, 498, 499, 500, 504, 521, 522, 523, 524, 527, 528, 530, 543, 549, 551, 552, 553, 554, 555, 556, 557, 558, 559, 571, 573, 576, 577, 578, 580, 581, 582, 583, 584, 585, 586, 588, 589, 590, 598, 599, 600, 601, 602, 603, 604, 605, 606, 607, 612, 615, 624, 625, 626, 627, 628, 630, 631, 632, 633, 635, 636, 637, 643, 644, 645, 646, 647, 648, 649, 650, 651, 652, 653, 654, 655, 656, 657, 658, 659, 662, 671, 672, 674, 675, 676, 677, 678, 680, 684, 685, 686, 687, 688, 689, 690, 691, 692, 693, 694, 696, 697, 703, 705, 706, 707, 708, 709, 710, 711, 713, 714, 716, 717, 718, 723, 726, 727, 728, 730, 731, 732, 733, 736, 737, 738, 739, 740, 741, 742, 743, 744, 745, 746, 747, 748, 749, 750, 751, 754, 755, 756, 757, 758, 759, 760, 763, 764, 765, 766, 767, 768, 769, 772, 773, 774, 775, 776, 777, 778, 781, 782, 783, 784, 790, 792, 793, 794, 795, 796, 799, 800, 802, 803, 804, 806, 810, 811, 813, 815, 819, 820, 821, 823, 825, 826, 827, 828, 829, 830, 831, 832, 850, 859, 861, 862, 864, 866, 869, 872, 875, 876, 879, 880, 883, 884, 888, 889, 890, 891, 892, 894, 897, 913, 914, 917, 944, 945, 946, 947, 948, 949, 950, 952, 953, 954, 955, 956, 957, 958, 959, 961, 962, 974, 977, 999, 1000, 1001, 1003, 1004, 1006, 1009, 1010, 1012, 1016, 1017, 1019, 1020, 1023, 1025, 1026, 1030, 1031, 1032, 1033, 1035, 1039, 1040, 1041, 1042, 1044, 1047, 1052, 1057, 1060, 1062, 1066, 1067, 1068, 1069, 1070, 1072, 1073, 1074, 1075, 1079, 1083, 1086, 1087, 1089, 1090, 1093, 1094, 1097, 1100, 1101, 1102, 1104, 1105, 1107, 1108, 1109, 1111, 1112, 1115, 1116, 1119, 1120, 1124, 1125, 1126, 1129, 1130, 1131, 1134, 1137, 1138, 1141, 1143, 1144, 1145, 1148, 1149, 1150, 1154, 1171, 1172, 1173, 1174, 1177, 1178, 1180, 1195, 1198, 1200, 1201, 1202, 1203, 1204, 1205, 1206, 1208, 1209, 1211, 1212, 1213, 1218, 1221, 1222, 1223, 1225, 1226, 1227, 1228, 1230, 1231, 1232, 1233, 1234, 1235, 1236, 1237, 1238, 1239, 1240, 1241, 1242, 1243, 1244, 1245, 1247, 1248, 1249, 1250, 1251, 1252, 1253, 1255, 1256, 1257, 1258, 1259, 1260, 1261, 1263, 1264, 1265, 1266, 1267, 1268, 1269, 1271, 1272, 1273, 1274, 1277, 1279, 1280, 1281, 1282, 1283, 1286, 1287, 1289, 1290, 1291, 1293, 1297, 1298, 1300, 1302, 1306, 1307, 1308, 1310, 1312, 1313, 1314, 1315, 1316, 1317, 1318, 1319, 1332, 1333, 1334, 1340, 1345, 1348, 1349, 1357], "summary": {"covered_lines": 608, "num_statements": 723, "percent_covered": 84.09405255878285, "percent_covered_display": "84", "missing_lines": 115, "excluded_lines": 0, "percent_statements_covered": 84.09405255878285, "percent_statements_covered_display": "84"}, "missing_lines": [177, 201, 206, 210, 214, 218, 222, 226, 235, 375, 376, 384, 385, 400, 401, 418, 419, 420, 422, 423, 424, 436, 441, 444, 460, 465, 469, 475, 487, 496, 502, 531, 532, 533, 535, 536, 537, 538, 540, 541, 574, 608, 609, 610, 638, 639, 641, 807, 808, 816, 817, 834, 836, 837, 838, 839, 840, 841, 842, 863, 867, 870, 873, 877, 881, 885, 895, 1027, 1028, 1036, 1037, 1048, 1049, 1053, 1054, 1058, 1077, 1078, 1081, 1091, 1095, 1098, 1113, 1117, 1121, 1127, 1139, 1146, 1152, 1181, 1182, 1183, 1185, 1186, 1187, 1188, 1190, 1191, 1294, 1295, 1303, 1304, 1321, 1323, 1324, 1325, 1326, 1327, 1328, 1329, 1350, 1351, 1353, 1354, 1358], "excluded_lines": [], "start_line": 1}}}, "config/__init__.py": {"executed_lines": [], "summary": {"covered_lines": 0, "num_statements": 0, "percent_covered": 100.0, "percent_covered_display": "100", "missing_lines": 0, "excluded_lines": 0, "percent_statements_covered": 100.0, "percent_statements_covered_display": "100"}, "missing_lines": [], "excluded_lines": [], "functions": {"": {"executed_lines": [], "summary": {"covered_lines": 0, "num_statements": 0, "percent_covered": 100.0, "percent_covered_display": "100", "missing_lines": 0, "excluded_lines": 0, "percent_statements_covered": 100.0, "percent_statements_covered_display": "100"}, "missing_lines": [], "excluded_lines": [], "start_line": 1}}, "classes": {"": {"executed_lines": [], "summary": {"covered_lines": 0, "num_statements": 0, "percent_covered": 100.0, "percent_covered_display": "100", "missing_lines": 0, "excluded_lines": 0, "percent_statements_covered": 100.0, "percent_statements_covered_display": "100"}, "missing_lines": [], "excluded_lines": [], "start_line": 1}}}, "config/settings.py": {"executed_lines": [8, 11, 12, 13, 16, 17, 18, 21, 22, 25, 26, 27, 34, 35, 36, 41, 45, 46, 49, 52, 53, 57, 61, 62, 65, 67, 70, 74, 75, 78, 79, 82], "summary": {"covered_lines": 32, "num_statements": 32, "percent_covered": 100.0, "percent_covered_display": "100", "missing_lines": 0, "excluded_lines": 0, "percent_statements_covered": 100.0, "percent_statements_covered_display": "100"}, "missing_lines": [], "excluded_lines": [], "functions": {"": {"executed_lines": [8, 11, 12, 13, 16, 17, 18, 21, 22, 25, 26, 27, 34, 35, 36, 41, 45, 46, 49, 52, 53, 57, 61, 62, 65, 67, 70, 74, 75, 78, 79, 82], "summary": {"covered_lines": 32, "num_statements": 32, "percent_covered": 100.0, "percent_covered_display": "100", "missing_lines": 0, "excluded_lines": 0, "percent_statements_covered": 100.0, "percent_statements_covered_display": "100"}, "missing_lines": [], "excluded_lines": [], "start_line": 1}}, "classes": {"": {"executed_lines": [8, 11, 12, 13, 16, 17, 18, 21, 22, 25, 26, 27, 34, 35, 36, 41, 45, 46, 49, 52, 53, 57, 61, 62, 65, 67, 70, 74, 75, 78, 79, 82], "summary": {"covered_lines": 32, "num_statements": 32, "percent_covered": 100.0, "percent_covered_display": "100", "missing_lines": 0, "excluded_lines": 0, "percent_statements_covered": 100.0, "percent_statements_covered_display": "100"}, "missing_lines": [], "excluded_lines": [], "start_line": 1}}}, "config/stocks.py": {"executed_lines": [16, 733, 741], "summary": {"covered_lines": 3, "num_statements": 3, "percent_covered": 100.0, "percent_covered_display": "100", "missing_lines": 0, "excluded_lines": 0, "percent_statements_covered": 100.0, "percent_statements_covered_display": "100"}, "missing_lines": [], "excluded_lines": [], "functions": {"": {"executed_lines": [16, 733, 741], "summary": {"covered_lines": 3, "num_statements": 3, "percent_covered": 100.0, "percent_covered_display": "100", "missing_lines": 0, "excluded_lines": 0, "percent_statements_covered": 100.0, "percent_statements_covered_display": "100"}, "missing_lines": [], "excluded_lines": [], "start_line": 1}}, "classes": {"": {"executed_lines": [16, 733, 741], "summary": {"covered_lines": 3, "num_statements": 3, "percent_covered": 100.0, "percent_covered_display": "100", "missing_lines": 0, "excluded_lines": 0, "percent_statements_covered": 100.0, "percent_statements_covered_display": "100"}, "missing_lines": [], "excluded_lines": [], "start_line": 1}}}, "data/__init__.py": {"executed_lines": [], "summary": {"covered_lines": 0, "num_statements": 0, "percent_covered": 100.0, "percent_covered_display": "100", "missing_lines": 0, "excluded_lines": 0, "percent_statements_covered": 100.0, "percent_statements_covered_display": "100"}, "missing_lines": [], "excluded_lines": [], "functions": {"": {"executed_lines": [], "summary": {"covered_lines": 0, "num_statements": 0, "percent_covered": 100.0, "percent_covered_display": "100", "missing_lines": 0, "excluded_lines": 0, "percent_statements_covered": 100.0, "percent_statements_covered_display": "100"}, "missing_lines": [], "excluded_lines": [], "start_line": 1}}, "classes": {"": {"executed_lines": [], "summary": {"covered_lines": 0, "num_statements": 0, "percent_covered": 100.0, "percent_covered_display": "100", "missing_lines": 0, "excluded_lines": 0, "percent_statements_covered": 100.0, "percent_statements_covered_display": "100"}, "missing_lines": [], "excluded_lines": [], "start_line": 1}}}, "data/cache.py": {"executed_lines": [23, 24, 26, 27, 30, 33, 35, 36, 39, 59, 62, 63, 64, 65, 66, 71, 72, 73, 74, 85, 89, 93, 96, 97], "summary": {"covered_lines": 24, "num_statements": 31, "percent_covered": 77.41935483870968, "percent_covered_display": "77", "missing_lines": 7, "excluded_lines": 0, "percent_statements_covered": 77.41935483870968, "percent_statements_covered_display": "77"}, "missing_lines": [67, 68, 82, 83, 86, 90, 94], "excluded_lines": [], "functions": {"_cache_path": {"executed_lines": [35, 36], "summary": {"covered_lines": 2, "num_statements": 2, "percent_covered": 100.0, "percent_covered_display": "100", "missing_lines": 0, "excluded_lines": 0, "percent_statements_covered": 100.0, "percent_statements_covered_display": "100"}, "missing_lines": [], "excluded_lines": [], "start_line": 33}, "fetch_ohlcv": {"executed_lines": [59, 62, 63, 64, 65, 66, 71, 72, 73, 74, 85, 89, 93, 96, 97], "summary": {"covered_lines": 15, "num_statements": 22, "percent_covered": 68.18181818181819, "percent_covered_display": "68", "missing_lines": 7, "excluded_lines": 0, "percent_statements_covered": 68.18181818181819, "percent_statements_covered_display": "68"}, "missing_lines": [67, 68, 82, 83, 86, 90, 94], "excluded_lines": [], "start_line": 39}, "": {"executed_lines": [23, 24, 26, 27, 30, 33, 39], "summary": {"covered_lines": 7, "num_statements": 7, "percent_covered": 100.0, "percent_covered_display": "100", "missing_lines": 0, "excluded_lines": 0, "percent_statements_covered": 100.0, "percent_statements_covered_display": "100"}, "missing_lines": [], "excluded_lines": [], "start_line": 1}}, "classes": {"": {"executed_lines": [23, 24, 26, 27, 30, 33, 35, 36, 39, 59, 62, 63, 64, 65, 66, 71, 72, 73, 74, 85, 89, 93, 96, 97], "summary": {"covered_lines": 24, "num_statements": 31, "percent_covered": 77.41935483870968, "percent_covered_display": "77", "missing_lines": 7, "excluded_lines": 0, "percent_statements_covered": 77.41935483870968, "percent_statements_covered_display": "77"}, "missing_lines": [67, 68, 82, 83, 86, 90, 94], "excluded_lines": [], "start_line": 1}}}, "data/earnings.py": {"executed_lines": [31, 32, 34, 37, 40, 47, 48, 49, 51, 52, 53, 54, 56, 57, 58, 59, 61, 62, 63, 64, 70, 73, 90, 91, 93, 94, 97, 104], "summary": {"covered_lines": 28, "num_statements": 33, "percent_covered": 84.84848484848484, "percent_covered_display": "85", "missing_lines": 5, "excluded_lines": 0, "percent_statements_covered": 84.84848484848484, "percent_statements_covered_display": "85"}, "missing_lines": [60, 65, 66, 67, 68], "excluded_lines": [], "functions": {"_load_csv": {"executed_lines": [47, 48, 49, 51, 52, 53, 54, 56, 57, 58, 59, 61, 62, 63, 64, 70], "summary": {"covered_lines": 16, "num_statements": 21, "percent_covered": 76.19047619047619, "percent_covered_display": "76", "missing_lines": 5, "excluded_lines": 0, "percent_statements_covered": 76.19047619047619, "percent_statements_covered_display": "76"}, "missing_lines": [60, 65, 66, 67, 68], "excluded_lines": [], "start_line": 40}, "get_earnings_dates": {"executed_lines": [90, 91, 93, 94], "summary": {"covered_lines": 4, "num_statements": 4, "percent_covered": 100.0, "percent_covered_display": "100", "missing_lines": 0, "excluded_lines": 0, "percent_statements_covered": 100.0, "percent_statements_covered_display": "100"}, "missing_lines": [], "excluded_lines": [], "start_line": 73}, "reload": {"executed_lines": [104], "summary": {"covered_lines": 1, "num_statements": 1, "percent_covered": 100.0, "percent_covered_display": "100", "missing_lines": 0, "excluded_lines": 0, "percent_statements_covered": 100.0, "percent_statements_covered_display": "100"}, "missing_lines": [], "excluded_lines": [], "start_line": 97}, "": {"executed_lines": [31, 32, 34, 37, 40, 73, 97], "summary": {"covered_lines": 7, "num_statements": 7, "percent_covered": 100.0, "percent_covered_display": "100", "missing_lines": 0, "excluded_lines": 0, "percent_statements_covered": 100.0, "percent_statements_covered_display": "100"}, "missing_lines": [], "excluded_lines": [], "start_line": 1}}, "classes": {"": {"executed_lines": [31, 32, 34, 37, 40, 47, 48, 49, 51, 52, 53, 54, 56, 57, 58, 59, 61, 62, 63, 64, 70, 73, 90, 91, 93, 94, 97, 104], "summary": {"covered_lines": 28, "num_statements": 33, "percent_covered": 84.84848484848484, "percent_covered_display": "85", "missing_lines": 5, "excluded_lines": 0, "percent_statements_covered": 84.84848484848484, "percent_statements_covered_display": "85"}, "missing_lines": [60, 65, 66, 67, 68], "excluded_lines": [], "start_line": 1}}}, "old_stock_screener.py": {"executed_lines": [], "summary": {"covered_lines": 0, "num_statements": 307, "percent_covered": 0.0, "percent_covered_display": "0", "missing_lines": 307, "excluded_lines": 0, "percent_statements_covered": 0.0, "percent_statements_covered_display": "0"}, "missing_lines": [27, 28, 30, 31, 32, 34, 35, 40, 41, 42, 43, 44, 47, 48, 49, 50, 51, 54, 55, 56, 57, 58, 59, 60, 63, 64, 65, 66, 67, 70, 71, 72, 73, 76, 77, 78, 79, 80, 81, 84, 85, 86, 87, 88, 89, 90, 91, 94, 95, 96, 97, 98, 99, 100, 101, 102, 107, 187, 188, 189, 191, 192, 193, 195, 196, 198, 199, 201, 203, 208, 210, 211, 213, 214, 222, 223, 225, 226, 228, 229, 231, 234, 236, 239, 252, 254, 255, 258, 259, 261, 269, 275, 276, 277, 279, 280, 281, 282, 284, 292, 309, 311, 312, 313, 315, 317, 318, 320, 322, 332, 350, 351, 352, 353, 355, 363, 381, 382, 384, 391, 402, 403, 404, 406, 407, 409, 410, 412, 415, 418, 432, 435, 438, 439, 441, 443, 452, 469, 470, 471, 472, 473, 475, 488, 490, 491, 492, 495, 497, 498, 501, 505, 506, 507, 509, 510, 511, 512, 515, 516, 518, 520, 521, 522, 523, 524, 525, 526, 528, 529, 531, 534, 535, 537, 538, 541, 543, 544, 547, 548, 549, 551, 552, 555, 556, 557, 559, 560, 563, 565, 567, 569, 573, 574, 575, 576, 577, 578, 579, 580, 581, 582, 585, 586, 587, 588, 589, 590, 591, 592, 593, 594, 597, 598, 599, 601, 602, 603, 605, 606, 607, 608, 610, 611, 612, 613, 614, 615, 617, 618, 620, 621, 623, 625, 626, 627, 628, 629, 630, 631, 633, 636, 637, 638, 640, 641, 642, 643, 644, 646, 649, 650, 651, 652, 654, 657, 658, 659, 660, 661, 663, 666, 667, 668, 669, 671, 674, 675, 676, 678, 680, 683, 684, 685, 688, 690, 691, 696, 708, 709, 710, 711, 712, 713, 714, 715, 716, 717, 718, 719, 722, 723, 724, 725, 727, 729, 731, 732, 744, 746, 749, 750, 751, 753, 754, 757, 758], "excluded_lines": [], "functions": {"fetch_data": {"executed_lines": [], "summary": {"covered_lines": 0, "num_statements": 11, "percent_covered": 0.0, "percent_covered_display": "0", "missing_lines": 11, "excluded_lines": 0, "percent_statements_covered": 0.0, "percent_statements_covered_display": "0"}, "missing_lines": [210, 211, 213, 214, 222, 223, 225, 226, 228, 229, 231], "excluded_lines": [], "start_line": 208}, "calculate_ema": {"executed_lines": [], "summary": {"covered_lines": 0, "num_statements": 1, "percent_covered": 0.0, "percent_covered_display": "0", "missing_lines": 1, "excluded_lines": 0, "percent_statements_covered": 0.0, "percent_statements_covered_display": "0"}, "missing_lines": [236], "excluded_lines": [], "start_line": 234}, "check_market_regime": {"executed_lines": [], "summary": {"covered_lines": 0, "num_statements": 6, "percent_covered": 0.0, "percent_covered_display": "0", "missing_lines": 6, "excluded_lines": 0, "percent_statements_covered": 0.0, "percent_statements_covered_display": "0"}, "missing_lines": [252, 254, 255, 258, 259, 261], "excluded_lines": [], "start_line": 239}, "check_bullish_trend": {"executed_lines": [], "summary": {"covered_lines": 0, "num_statements": 8, "percent_covered": 0.0, "percent_covered_display": "0", "missing_lines": 8, "excluded_lines": 0, "percent_statements_covered": 0.0, "percent_statements_covered_display": "0"}, "missing_lines": [275, 276, 277, 279, 280, 281, 282, 284], "excluded_lines": [], "start_line": 269}, "check_consolidation": {"executed_lines": [], "summary": {"covered_lines": 0, "num_statements": 9, "percent_covered": 0.0, "percent_covered_display": "0", "missing_lines": 9, "excluded_lines": 0, "percent_statements_covered": 0.0, "percent_statements_covered_display": "0"}, "missing_lines": [309, 311, 312, 313, 315, 317, 318, 320, 322], "excluded_lines": [], "start_line": 292}, "check_volume": {"executed_lines": [], "summary": {"covered_lines": 0, "num_statements": 5, "percent_covered": 0.0, "percent_covered_display": "0", "missing_lines": 5, "excluded_lines": 0, "percent_statements_covered": 0.0, "percent_statements_covered_display": "0"}, "missing_lines": [350, 351, 352, 353, 355], "excluded_lines": [], "start_line": 332}, "check_gap_up": {"executed_lines": [], "summary": {"covered_lines": 0, "num_statements": 3, "percent_covered": 0.0, "percent_covered_display": "0", "missing_lines": 3, "excluded_lines": 0, "percent_statements_covered": 0.0, "percent_statements_covered_display": "0"}, "missing_lines": [381, 382, 384], "excluded_lines": [], "start_line": 363}, "_trend_score": {"executed_lines": [], "summary": {"covered_lines": 0, "num_statements": 9, "percent_covered": 0.0, "percent_covered_display": "0", "missing_lines": 9, "excluded_lines": 0, "percent_statements_covered": 0.0, "percent_statements_covered_display": "0"}, "missing_lines": [402, 403, 404, 406, 407, 409, 410, 412, 415], "excluded_lines": [], "start_line": 391}, "score_setup": {"executed_lines": [], "summary": {"covered_lines": 0, "num_statements": 6, "percent_covered": 0.0, "percent_covered_display": "0", "missing_lines": 6, "excluded_lines": 0, "percent_statements_covered": 0.0, "percent_statements_covered_display": "0"}, "missing_lines": [432, 435, 438, 439, 441, 443], "excluded_lines": [], "start_line": 418}, "calculate_trade_setup": {"executed_lines": [], "summary": {"covered_lines": 0, "num_statements": 6, "percent_covered": 0.0, "percent_covered_display": "0", "missing_lines": 6, "excluded_lines": 0, "percent_statements_covered": 0.0, "percent_statements_covered_display": "0"}, "missing_lines": [469, 470, 471, 472, 473, 475], "excluded_lines": [], "start_line": 452}, "_rank_label": {"executed_lines": [], "summary": {"covered_lines": 0, "num_statements": 3, "percent_covered": 0.0, "percent_covered_display": "0", "missing_lines": 3, "excluded_lines": 0, "percent_statements_covered": 0.0, "percent_statements_covered_display": "0"}, "missing_lines": [490, 491, 492], "excluded_lines": [], "start_line": 488}, "_score_bar": {"executed_lines": [], "summary": {"covered_lines": 0, "num_statements": 2, "percent_covered": 0.0, "percent_covered_display": "0", "missing_lines": 2, "excluded_lines": 0, "percent_statements_covered": 0.0, "percent_statements_covered_display": "0"}, "missing_lines": [497, 498], "excluded_lines": [], "start_line": 495}, "print_trade_card": {"executed_lines": [], "summary": {"covered_lines": 0, "num_statements": 41, "percent_covered": 0.0, "percent_covered_display": "0", "missing_lines": 41, "excluded_lines": 0, "percent_statements_covered": 0.0, "percent_statements_covered_display": "0"}, "missing_lines": [505, 506, 507, 509, 510, 511, 512, 515, 516, 518, 520, 521, 522, 523, 524, 525, 526, 528, 529, 531, 534, 535, 537, 538, 541, 543, 544, 547, 548, 549, 551, 552, 555, 556, 557, 559, 560, 563, 565, 567, 569], "excluded_lines": [], "start_line": 501}, "main": {"executed_lines": [], "summary": {"covered_lines": 0, "num_statements": 112, "percent_covered": 0.0, "percent_covered_display": "0", "missing_lines": 112, "excluded_lines": 0, "percent_statements_covered": 0.0, "percent_statements_covered_display": "0"}, "missing_lines": [574, 575, 576, 577, 578, 579, 580, 581, 582, 585, 586, 587, 588, 589, 590, 591, 592, 593, 594, 597, 598, 599, 601, 602, 603, 605, 606, 607, 608, 610, 611, 612, 613, 614, 615, 617, 618, 620, 621, 623, 625, 626, 627, 628, 629, 630, 631, 633, 636, 637, 638, 640, 641, 642, 643, 644, 646, 649, 650, 651, 652, 654, 657, 658, 659, 660, 661, 663, 666, 667, 668, 669, 671, 674, 675, 676, 678, 680, 683, 684, 685, 688, 690, 691, 696, 708, 709, 710, 711, 712, 713, 714, 715, 716, 717, 718, 719, 722, 723, 724, 725, 727, 729, 731, 732, 744, 746, 749, 750, 751, 753, 754], "excluded_lines": [], "start_line": 573}, "": {"executed_lines": [], "summary": {"covered_lines": 0, "num_statements": 85, "percent_covered": 0.0, "percent_covered_display": "0", "missing_lines": 85, "excluded_lines": 0, "percent_statements_covered": 0.0, "percent_statements_covered_display": "0"}, "missing_lines": [27, 28, 30, 31, 32, 34, 35, 40, 41, 42, 43, 44, 47, 48, 49, 50, 51, 54, 55, 56, 57, 58, 59, 60, 63, 64, 65, 66, 67, 70, 71, 72, 73, 76, 77, 78, 79, 80, 81, 84, 85, 86, 87, 88, 89, 90, 91, 94, 95, 96, 97, 98, 99, 100, 101, 102, 107, 187, 188, 189, 191, 192, 193, 195, 196, 198, 199, 201, 203, 208, 234, 239, 269, 292, 332, 363, 391, 418, 452, 488, 495, 501, 573, 757, 758], "excluded_lines": [], "start_line": 1}}, "classes": {"MarketRegimeResult": {"executed_lines": [], "summary": {"covered_lines": 0, "num_statements": 0, "percent_covered": 100.0, "percent_covered_display": "100", "missing_lines": 0, "excluded_lines": 0, "percent_statements_covered": 100.0, "percent_statements_covered_display": "100"}, "missing_lines": [], "excluded_lines": [], "start_line": 40}, "TrendResult": {"executed_lines": [], "summary": {"covered_lines": 0, "num_statements": 0, "percent_covered": 100.0, "percent_covered_display": "100", "missing_lines": 0, "excluded_lines": 0, "percent_statements_covered": 100.0, "percent_statements_covered_display": "100"}, "missing_lines": [], "excluded_lines": [], "start_line": 47}, "ConsolidationResult": {"executed_lines": [], "summary": {"covered_lines": 0, "num_statements": 0, "percent_covered": 100.0, "percent_covered_display": "100", "missing_lines": 0, "excluded_lines": 0, "percent_statements_covered": 100.0, "percent_statements_covered_display": "100"}, "missing_lines": [], "excluded_lines": [], "start_line": 54}, "VolumeResult": {"executed_lines": [], "summary": {"covered_lines": 0, "num_statements": 0, "percent_covered": 100.0, "percent_covered_display": "100", "missing_lines": 0, "excluded_lines": 0, "percent_statements_covered": 100.0, "percent_statements_covered_display": "100"}, "missing_lines": [], "excluded_lines": [], "start_line": 63}, "GapUpResult": {"executed_lines": [], "summary": {"covered_lines": 0, "num_statements": 0, "percent_covered": 100.0, "percent_covered_display": "100", "missing_lines": 0, "excluded_lines": 0, "percent_statements_covered": 100.0, "percent_statements_covered_display": "100"}, "missing_lines": [], "excluded_lines": [], "start_line": 70}, "ScoreResult": {"executed_lines": [], "summary": {"covered_lines": 0, "num_statements": 0, "percent_covered": 100.0, "percent_covered_display": "100", "missing_lines": 0, "excluded_lines": 0, "percent_statements_covered": 100.0, "percent_statements_covered_display": "100"}, "missing_lines": [], "excluded_lines": [], "start_line": 76}, "TradeSetupResult": {"executed_lines": [], "summary": {"covered_lines": 0, "num_statements": 0, "percent_covered": 100.0, "percent_covered_display": "100", "missing_lines": 0, "excluded_lines": 0, "percent_statements_covered": 100.0, "percent_statements_covered_display": "100"}, "missing_lines": [], "excluded_lines": [], "start_line": 84}, "SetupEntry": {"executed_lines": [], "summary": {"covered_lines": 0, "num_statements": 0, "percent_covered": 100.0, "percent_covered_display": "100", "missing_lines": 0, "excluded_lines": 0, "percent_statements_covered": 100.0, "percent_statements_covered_display": "100"}, "missing_lines": [], "excluded_lines": [], "start_line": 94}, "": {"executed_lines": [], "summary": {"covered_lines": 0, "num_statements": 307, "percent_covered": 0.0, "percent_covered_display": "0", "missing_lines": 307, "excluded_lines": 0, "percent_statements_covered": 0.0, "percent_statements_covered_display": "0"}, "missing_lines": [27, 28, 30, 31, 32, 34, 35, 40, 41, 42, 43, 44, 47, 48, 49, 50, 51, 54, 55, 56, 57, 58, 59, 60, 63, 64, 65, 66, 67, 70, 71, 72, 73, 76, 77, 78, 79, 80, 81, 84, 85, 86, 87, 88, 89, 90, 91, 94, 95, 96, 97, 98, 99, 100, 101, 102, 107, 187, 188, 189, 191, 192, 193, 195, 196, 198, 199, 201, 203, 208, 210, 211, 213, 214, 222, 223, 225, 226, 228, 229, 231, 234, 236, 239, 252, 254, 255, 258, 259, 261, 269, 275, 276, 277, 279, 280, 281, 282, 284, 292, 309, 311, 312, 313, 315, 317, 318, 320, 322, 332, 350, 351, 352, 353, 355, 363, 381, 382, 384, 391, 402, 403, 404, 406, 407, 409, 410, 412, 415, 418, 432, 435, 438, 439, 441, 443, 452, 469, 470, 471, 472, 473, 475, 488, 490, 491, 492, 495, 497, 498, 501, 505, 506, 507, 509, 510, 511, 512, 515, 516, 518, 520, 521, 522, 523, 524, 525, 526, 528, 529, 531, 534, 535, 537, 538, 541, 543, 544, 547, 548, 549, 551, 552, 555, 556, 557, 559, 560, 563, 565, 567, 569, 573, 574, 575, 576, 577, 578, 579, 580, 581, 582, 585, 586, 587, 588, 589, 590, 591, 592, 593, 594, 597, 598, 599, 601, 602, 603, 605, 606, 607, 608, 610, 611, 612, 613, 614, 615, 617, 618, 620, 621, 623, 625, 626, 627, 628, 629, 630, 631, 633, 636, 637, 638, 640, 641, 642, 643, 644, 646, 649, 650, 651, 652, 654, 657, 658, 659, 660, 661, 663, 666, 667, 668, 669, 671, 674, 675, 676, 678, 680, 683, 684, 685, 688, 690, 691, 696, 708, 709, 710, 711, 712, 713, 714, 715, 716, 717, 718, 719, 722, 723, 724, 725, 727, 729, 731, 732, 744, 746, 749, 750, 751, 753, 754, 757, 758], "excluded_lines": [], "start_line": 1}}}, "screener.py": {"executed_lines": [31, 32, 33, 35, 36, 37, 38, 40, 41, 44, 45, 65, 82, 99, 100, 101, 102, 103, 104, 105, 108, 109, 110, 111, 112, 113, 114, 115, 116, 117, 118, 123, 138, 149, 150, 151, 154, 155, 156, 157, 160, 161, 162, 163, 164, 166, 167, 179, 184, 185, 186, 187, 188, 193, 194, 195, 199, 200, 201, 204, 217, 218, 219, 221, 222, 223, 224, 227, 228, 230, 232, 233, 235, 236, 241, 243, 246, 247, 249, 250, 253, 255, 256, 259, 260, 261, 263, 264, 267, 268, 269, 271, 272, 275, 277, 279, 281, 285, 298, 299, 301, 302, 303, 304, 305, 306, 308, 310, 311, 314, 328, 329, 331, 332, 333, 334, 337, 343, 344, 345, 346, 347, 349, 351, 352, 353, 355, 356, 357, 358, 359, 392, 394, 395, 396, 397, 398, 399, 402, 403, 404, 405, 406, 407, 408, 409, 410, 411, 412, 413, 414, 417, 418, 419, 421, 422, 423, 425, 426, 427, 428, 429, 431, 436, 438, 439, 440, 441, 442, 443, 444, 446, 447, 449, 451, 452, 453, 455, 457, 458, 459, 461, 462, 463, 464, 465, 467, 469, 472, 476, 477, 479, 480, 483, 484, 490, 491, 492, 493, 494, 496, 497, 503, 506, 512, 518, 519, 524, 527, 528, 529, 530, 531, 594, 597, 598, 599, 600, 601, 602, 603, 604, 605, 606, 607, 608, 609, 610, 613, 614, 615, 616, 618, 638, 639, 640, 641, 643, 646, 648, 653, 690, 703, 704, 705, 707, 708, 709, 710, 713, 714, 716, 718, 719, 721, 722, 727, 729, 732, 733, 735, 736, 739, 741, 742, 745, 746, 747, 749, 750, 753, 754, 755, 757, 758, 761, 763, 765, 767, 771, 781, 782, 784, 785, 786, 787, 788, 789, 791, 793, 794, 797, 804, 805, 807, 808, 809, 810, 812, 818, 819, 820, 821, 822, 824, 826, 827, 828, 830, 831, 832, 833, 834, 863, 865, 866, 867, 868, 869, 870, 873, 874, 875, 876, 877, 878, 879, 880, 881, 882, 883, 884, 885, 888, 889, 890, 892, 893, 894, 896, 897, 898, 899, 900, 902, 907, 909, 910, 911, 912, 913, 914, 915, 917, 918, 920, 922, 923, 924, 926, 928, 929, 930, 932, 933, 934, 935, 936, 938, 940, 942, 946, 947, 949, 950, 953, 954, 960, 961, 962, 963, 964, 966, 967, 973, 976, 982, 988, 989, 994, 997, 998, 999, 1000, 1001, 1064, 1067, 1068, 1069, 1070, 1071, 1072, 1073, 1074, 1075, 1076, 1077, 1078, 1079, 1080, 1083, 1084, 1085, 1086, 1088, 1108, 1109, 1110, 1111, 1113, 1115, 1117, 1120, 1121, 1122, 1128, 1130, 1131, 1132, 1133, 1139], "summary": {"covered_lines": 431, "num_statements": 594, "percent_covered": 72.55892255892256, "percent_covered_display": "73", "missing_lines": 163, "excluded_lines": 0, "percent_statements_covered": 72.55892255892256, "percent_statements_covered_display": "73"}, "missing_lines": [133, 196, 234, 237, 238, 240, 362, 363, 365, 366, 367, 368, 369, 379, 380, 382, 386, 387, 473, 485, 486, 487, 488, 489, 498, 499, 500, 501, 502, 507, 508, 509, 513, 514, 515, 520, 521, 522, 533, 536, 537, 538, 539, 540, 542, 545, 546, 547, 548, 549, 551, 554, 555, 556, 557, 559, 562, 563, 564, 565, 566, 567, 569, 571, 572, 578, 580, 619, 620, 621, 627, 632, 634, 635, 663, 664, 665, 668, 669, 670, 671, 673, 674, 675, 676, 677, 679, 680, 720, 723, 724, 726, 836, 837, 839, 840, 841, 842, 843, 852, 853, 855, 859, 860, 943, 955, 956, 957, 958, 959, 968, 969, 970, 971, 972, 977, 978, 979, 983, 984, 985, 990, 991, 992, 1003, 1006, 1007, 1008, 1009, 1010, 1012, 1015, 1016, 1017, 1018, 1019, 1021, 1024, 1025, 1026, 1027, 1029, 1032, 1033, 1034, 1035, 1036, 1037, 1039, 1041, 1042, 1048, 1050, 1089, 1090, 1091, 1097, 1102, 1104, 1105, 1135, 1136, 1140], "excluded_lines": [], "functions": {"fetch_data": {"executed_lines": [], "summary": {"covered_lines": 0, "num_statements": 1, "percent_covered": 0.0, "percent_covered_display": "0", "missing_lines": 1, "excluded_lines": 0, "percent_statements_covered": 0.0, "percent_statements_covered_display": "0"}, "missing_lines": [133], "excluded_lines": [], "start_line": 123}, "check_market_regime": {"executed_lines": [149, 150, 151, 154, 155, 156, 157, 160, 161, 162, 163, 164, 166, 167], "summary": {"covered_lines": 14, "num_statements": 14, "percent_covered": 100.0, "percent_covered_display": "100", "missing_lines": 0, "excluded_lines": 0, "percent_statements_covered": 100.0, "percent_statements_covered_display": "100"}, "missing_lines": [], "excluded_lines": [], "start_line": 138}, "is_near_earnings": {"executed_lines": [184, 185, 186, 187, 188], "summary": {"covered_lines": 5, "num_statements": 5, "percent_covered": 100.0, "percent_covered_display": "100", "missing_lines": 0, "excluded_lines": 0, "percent_statements_covered": 100.0, "percent_statements_covered_display": "100"}, "missing_lines": [], "excluded_lines": [], "start_line": 179}, "_rank_label": {"executed_lines": [194, 195], "summary": {"covered_lines": 2, "num_statements": 3, "percent_covered": 66.66666666666667, "percent_covered_display": "67", "missing_lines": 1, "excluded_lines": 0, "percent_statements_covered": 66.66666666666667, "percent_statements_covered_display": "67"}, "missing_lines": [196], "excluded_lines": [], "start_line": 193}, "_score_bar": {"executed_lines": [200, 201], "summary": {"covered_lines": 2, "num_statements": 2, "percent_covered": 100.0, "percent_covered_display": "100", "missing_lines": 0, "excluded_lines": 0, "percent_statements_covered": 100.0, "percent_statements_covered_display": "100"}, "missing_lines": [], "excluded_lines": [], "start_line": 199}, "print_trade_card": {"executed_lines": [217, 218, 219, 221, 222, 223, 224, 227, 228, 230, 232, 233, 235, 236, 241, 243, 246, 247, 249, 250, 253, 255, 256, 259, 260, 261, 263, 264, 267, 268, 269, 271, 272, 275, 277, 279, 281], "summary": {"covered_lines": 37, "num_statements": 41, "percent_covered": 90.2439024390244, "percent_covered_display": "90", "missing_lines": 4, "excluded_lines": 0, "percent_statements_covered": 90.2439024390244, "percent_statements_covered_display": "90"}, "missing_lines": [234, 237, 238, 240], "excluded_lines": [], "start_line": 204}, "print_trade_card_compact": {"executed_lines": [298, 299, 301, 302, 303, 304, 305, 306, 308, 310, 311], "summary": {"covered_lines": 11, "num_statements": 11, "percent_covered": 100.0, "percent_covered_display": "100", "missing_lines": 0, "excluded_lines": 0, "percent_statements_covered": 100.0, "percent_statements_covered_display": "100"}, "missing_lines": [], "excluded_lines": [], "start_line": 285}, "print_execution_summary": {"executed_lines": [328, 329, 331, 332, 333, 334, 337, 343, 344, 345, 346, 347, 349, 351, 352, 353, 355, 356, 357, 358, 359], "summary": {"covered_lines": 21, "num_statements": 33, "percent_covered": 63.63636363636363, "percent_covered_display": "64", "missing_lines": 12, "excluded_lines": 0, "percent_statements_covered": 63.63636363636363, "percent_statements_covered_display": "64"}, "missing_lines": [362, 363, 365, 366, 367, 368, 369, 379, 380, 382, 386, 387], "excluded_lines": [], "start_line": 314}, "run_screener": {"executed_lines": [394, 395, 396, 397, 398, 399, 402, 403, 404, 405, 406, 407, 408, 409, 410, 411, 412, 413, 414, 417, 418, 419, 421, 422, 423, 425, 426, 427, 428, 429, 431, 436, 438, 439, 440, 441, 442, 443, 444, 446, 447, 449, 451, 452, 453, 455, 457, 458, 459, 461, 462, 463, 464, 465, 467, 469, 472, 476, 477, 479, 480, 483, 484, 490, 491, 492, 493, 494, 496, 497, 503, 506, 512, 518, 519, 524, 527, 528, 529, 530, 531, 594, 597, 598, 599, 600, 601, 602, 603, 604, 605, 606, 607, 608, 609, 610, 613, 614, 615, 616, 618, 638, 639, 640, 641, 643, 646, 648], "summary": {"covered_lines": 108, "num_statements": 164, "percent_covered": 65.85365853658537, "percent_covered_display": "66", "missing_lines": 56, "excluded_lines": 0, "percent_statements_covered": 65.85365853658537, "percent_statements_covered_display": "66"}, "missing_lines": [473, 485, 486, 487, 488, 489, 498, 499, 500, 501, 502, 507, 508, 509, 513, 514, 515, 520, 521, 522, 533, 536, 537, 538, 539, 540, 542, 545, 546, 547, 548, 549, 551, 554, 555, 556, 557, 559, 562, 563, 564, 565, 566, 567, 569, 571, 572, 578, 580, 619, 620, 621, 627, 632, 634, 635], "excluded_lines": [], "start_line": 392}, "check_market_regime_bearish": {"executed_lines": [], "summary": {"covered_lines": 0, "num_statements": 14, "percent_covered": 0.0, "percent_covered_display": "0", "missing_lines": 14, "excluded_lines": 0, "percent_statements_covered": 0.0, "percent_statements_covered_display": "0"}, "missing_lines": [663, 664, 665, 668, 669, 670, 671, 673, 674, 675, 676, 677, 679, 680], "excluded_lines": [], "start_line": 653}, "print_trade_card_short": {"executed_lines": [703, 704, 705, 707, 708, 709, 710, 713, 714, 716, 718, 719, 721, 722, 727, 729, 732, 733, 735, 736, 739, 741, 742, 745, 746, 747, 749, 750, 753, 754, 755, 757, 758, 761, 763, 765, 767], "summary": {"covered_lines": 37, "num_statements": 41, "percent_covered": 90.2439024390244, "percent_covered_display": "90", "missing_lines": 4, "excluded_lines": 0, "percent_statements_covered": 90.2439024390244, "percent_statements_covered_display": "90"}, "missing_lines": [720, 723, 724, 726], "excluded_lines": [], "start_line": 690}, "print_trade_card_compact_short": {"executed_lines": [781, 782, 784, 785, 786, 787, 788, 789, 791, 793, 794], "summary": {"covered_lines": 11, "num_statements": 11, "percent_covered": 100.0, "percent_covered_display": "100", "missing_lines": 0, "excluded_lines": 0, "percent_statements_covered": 100.0, "percent_statements_covered_display": "100"}, "missing_lines": [], "excluded_lines": [], "start_line": 771}, "print_execution_summary_short": {"executed_lines": [804, 805, 807, 808, 809, 810, 812, 818, 819, 820, 821, 822, 824, 826, 827, 828, 830, 831, 832, 833, 834], "summary": {"covered_lines": 21, "num_statements": 33, "percent_covered": 63.63636363636363, "percent_covered_display": "64", "missing_lines": 12, "excluded_lines": 0, "percent_statements_covered": 63.63636363636363, "percent_statements_covered_display": "64"}, "missing_lines": [836, 837, 839, 840, 841, 842, 843, 852, 853, 855, 859, 860], "excluded_lines": [], "start_line": 797}, "run_screener_short": {"executed_lines": [865, 866, 867, 868, 869, 870, 873, 874, 875, 876, 877, 878, 879, 880, 881, 882, 883, 884, 885, 888, 889, 890, 892, 893, 894, 896, 897, 898, 899, 900, 902, 907, 909, 910, 911, 912, 913, 914, 915, 917, 918, 920, 922, 923, 924, 926, 928, 929, 930, 932, 933, 934, 935, 936, 938, 940, 942, 946, 947, 949, 950, 953, 954, 960, 961, 962, 963, 964, 966, 967, 973, 976, 982, 988, 989, 994, 997, 998, 999, 1000, 1001, 1064, 1067, 1068, 1069, 1070, 1071, 1072, 1073, 1074, 1075, 1076, 1077, 1078, 1079, 1080, 1083, 1084, 1085, 1086, 1088, 1108, 1109, 1110, 1111, 1113, 1115, 1117], "summary": {"covered_lines": 108, "num_statements": 164, "percent_covered": 65.85365853658537, "percent_covered_display": "66", "missing_lines": 56, "excluded_lines": 0, "percent_statements_covered": 65.85365853658537, "percent_statements_covered_display": "66"}, "missing_lines": [943, 955, 956, 957, 958, 959, 968, 969, 970, 971, 972, 977, 978, 979, 983, 984, 985, 990, 991, 992, 1003, 1006, 1007, 1008, 1009, 1010, 1012, 1015, 1016, 1017, 1018, 1019, 1021, 1024, 1025, 1026, 1027, 1029, 1032, 1033, 1034, 1035, 1036, 1037, 1039, 1041, 1042, 1048, 1050, 1089, 1090, 1091, 1097, 1102, 1104, 1105], "excluded_lines": [], "start_line": 863}, "main": {"executed_lines": [1121, 1122, 1128, 1130, 1131, 1132, 1133], "summary": {"covered_lines": 7, "num_statements": 9, "percent_covered": 77.77777777777777, "percent_covered_display": "78", "missing_lines": 2, "excluded_lines": 0, "percent_statements_covered": 77.77777777777777, "percent_statements_covered_display": "78"}, "missing_lines": [1135, 1136], "excluded_lines": [], "start_line": 1120}, "": {"executed_lines": [31, 32, 33, 35, 36, 37, 38, 40, 41, 44, 45, 65, 82, 99, 100, 101, 102, 103, 104, 105, 108, 109, 110, 111, 112, 113, 114, 115, 116, 117, 118, 123, 138, 179, 193, 199, 204, 285, 314, 392, 653, 690, 771, 797, 863, 1120, 1139], "summary": {"covered_lines": 47, "num_statements": 48, "percent_covered": 97.91666666666667, "percent_covered_display": "98", "missing_lines": 1, "excluded_lines": 0, "percent_statements_covered": 97.91666666666667, "percent_statements_covered_display": "98"}, "missing_lines": [1140], "excluded_lines": [], "start_line": 1}}, "classes": {"MarketRegimeInfo": {"executed_lines": [], "summary": {"covered_lines": 0, "num_statements": 0, "percent_covered": 100.0, "percent_covered_display": "100", "missing_lines": 0, "excluded_lines": 0, "percent_statements_covered": 100.0, "percent_statements_covered_display": "100"}, "missing_lines": [], "excluded_lines": [], "start_line": 99}, "ScreenerSetup": {"executed_lines": [], "summary": {"covered_lines": 0, "num_statements": 0, "percent_covered": 100.0, "percent_covered_display": "100", "missing_lines": 0, "excluded_lines": 0, "percent_statements_covered": 100.0, "percent_statements_covered_display": "100"}, "missing_lines": [], "excluded_lines": [], "start_line": 108}, "": {"executed_lines": [31, 32, 33, 35, 36, 37, 38, 40, 41, 44, 45, 65, 82, 99, 100, 101, 102, 103, 104, 105, 108, 109, 110, 111, 112, 113, 114, 115, 116, 117, 118, 123, 138, 149, 150, 151, 154, 155, 156, 157, 160, 161, 162, 163, 164, 166, 167, 179, 184, 185, 186, 187, 188, 193, 194, 195, 199, 200, 201, 204, 217, 218, 219, 221, 222, 223, 224, 227, 228, 230, 232, 233, 235, 236, 241, 243, 246, 247, 249, 250, 253, 255, 256, 259, 260, 261, 263, 264, 267, 268, 269, 271, 272, 275, 277, 279, 281, 285, 298, 299, 301, 302, 303, 304, 305, 306, 308, 310, 311, 314, 328, 329, 331, 332, 333, 334, 337, 343, 344, 345, 346, 347, 349, 351, 352, 353, 355, 356, 357, 358, 359, 392, 394, 395, 396, 397, 398, 399, 402, 403, 404, 405, 406, 407, 408, 409, 410, 411, 412, 413, 414, 417, 418, 419, 421, 422, 423, 425, 426, 427, 428, 429, 431, 436, 438, 439, 440, 441, 442, 443, 444, 446, 447, 449, 451, 452, 453, 455, 457, 458, 459, 461, 462, 463, 464, 465, 467, 469, 472, 476, 477, 479, 480, 483, 484, 490, 491, 492, 493, 494, 496, 497, 503, 506, 512, 518, 519, 524, 527, 528, 529, 530, 531, 594, 597, 598, 599, 600, 601, 602, 603, 604, 605, 606, 607, 608, 609, 610, 613, 614, 615, 616, 618, 638, 639, 640, 641, 643, 646, 648, 653, 690, 703, 704, 705, 707, 708, 709, 710, 713, 714, 716, 718, 719, 721, 722, 727, 729, 732, 733, 735, 736, 739, 741, 742, 745, 746, 747, 749, 750, 753, 754, 755, 757, 758, 761, 763, 765, 767, 771, 781, 782, 784, 785, 786, 787, 788, 789, 791, 793, 794, 797, 804, 805, 807, 808, 809, 810, 812, 818, 819, 820, 821, 822, 824, 826, 827, 828, 830, 831, 832, 833, 834, 863, 865, 866, 867, 868, 869, 870, 873, 874, 875, 876, 877, 878, 879, 880, 881, 882, 883, 884, 885, 888, 889, 890, 892, 893, 894, 896, 897, 898, 899, 900, 902, 907, 909, 910, 911, 912, 913, 914, 915, 917, 918, 920, 922, 923, 924, 926, 928, 929, 930, 932, 933, 934, 935, 936, 938, 940, 942, 946, 947, 949, 950, 953, 954, 960, 961, 962, 963, 964, 966, 967, 973, 976, 982, 988, 989, 994, 997, 998, 999, 1000, 1001, 1064, 1067, 1068, 1069, 1070, 1071, 1072, 1073, 1074, 1075, 1076, 1077, 1078, 1079, 1080, 1083, 1084, 1085, 1086, 1088, 1108, 1109, 1110, 1111, 1113, 1115, 1117, 1120, 1121, 1122, 1128, 1130, 1131, 1132, 1133, 1139], "summary": {"covered_lines": 431, "num_statements": 594, "percent_covered": 72.55892255892256, "percent_covered_display": "73", "missing_lines": 163, "excluded_lines": 0, "percent_statements_covered": 72.55892255892256, "percent_statements_covered_display": "73"}, "missing_lines": [133, 196, 234, 237, 238, 240, 362, 363, 365, 366, 367, 368, 369, 379, 380, 382, 386, 387, 473, 485, 486, 487, 488, 489, 498, 499, 500, 501, 502, 507, 508, 509, 513, 514, 515, 520, 521, 522, 533, 536, 537, 538, 539, 540, 542, 545, 546, 547, 548, 549, 551, 554, 555, 556, 557, 559, 562, 563, 564, 565, 566, 567, 569, 571, 572, 578, 580, 619, 620, 621, 627, 632, 634, 635, 663, 664, 665, 668, 669, 670, 671, 673, 674, 675, 676, 677, 679, 680, 720, 723, 724, 726, 836, 837, 839, 840, 841, 842, 843, 852, 853, 855, 859, 860, 943, 955, 956, 957, 958, 959, 968, 969, 970, 971, 972, 977, 978, 979, 983, 984, 985, 990, 991, 992, 1003, 1006, 1007, 1008, 1009, 1010, 1012, 1015, 1016, 1017, 1018, 1019, 1021, 1024, 1025, 1026, 1027, 1029, 1032, 1033, 1034, 1035, 1036, 1037, 1039, 1041, 1042, 1048, 1050, 1089, 1090, 1091, 1097, 1102, 1104, 1105, 1135, 1136, 1140], "excluded_lines": [], "start_line": 1}}}, "strategies/__init__.py": {"executed_lines": [], "summary": {"covered_lines": 0, "num_statements": 0, "percent_covered": 100.0, "percent_covered_display": "100", "missing_lines": 0, "excluded_lines": 0, "percent_statements_covered": 100.0, "percent_statements_covered_display": "100"}, "missing_lines": [], "excluded_lines": [], "functions": {"": {"executed_lines": [], "summary": {"covered_lines": 0, "num_statements": 0, "percent_covered": 100.0, "percent_covered_display": "100", "missing_lines": 0, "excluded_lines": 0, "percent_statements_covered": 100.0, "percent_statements_covered_display": "100"}, "missing_lines": [], "excluded_lines": [], "start_line": 1}}, "classes": {"": {"executed_lines": [], "summary": {"covered_lines": 0, "num_statements": 0, "percent_covered": 100.0, "percent_covered_display": "100", "missing_lines": 0, "excluded_lines": 0, "percent_statements_covered": 100.0, "percent_statements_covered_display": "100"}, "missing_lines": [], "excluded_lines": [], "start_line": 1}}}, "strategies/long_breakout.py": {"executed_lines": [22, 24, 26, 28, 48, 49, 50, 51, 54, 55, 56, 57, 58, 61, 62, 63, 64, 67, 68, 69, 70, 73, 74, 75, 76, 77, 78, 81, 82, 83, 84, 85, 86, 87, 88, 93, 98, 99, 100, 101, 102, 107, 131, 132, 134, 137, 138, 139, 141, 143, 147, 148, 153, 154, 155, 156, 157, 159, 162, 173, 182, 183, 184, 185, 186, 187, 188, 197, 211, 212, 214, 215, 217, 218, 219, 221, 222, 224, 225, 227, 237, 251, 254, 257, 258, 259, 260, 262, 263, 265, 274, 285, 286, 287, 294, 304, 306, 307, 312, 327, 328, 330, 333, 334, 335, 340, 352, 353, 354, 355, 356, 357, 358, 359, 361, 364, 377, 378, 379, 381, 382, 384, 386, 397, 415, 416, 417, 418, 419, 421, 434, 435, 436, 439, 442, 444, 445, 449, 451, 454, 457, 459, 462, 464, 465, 467, 470], "summary": {"covered_lines": 147, "num_statements": 161, "percent_covered": 91.30434782608695, "percent_covered_display": "91", "missing_lines": 14, "excluded_lines": 0, "percent_statements_covered": 91.30434782608695, "percent_statements_covered_display": "91"}, "missing_lines": [135, 144, 167, 168, 252, 255, 305, 331, 440, 446, 452, 455, 460, 468], "excluded_lines": [], "functions": {"add_indicators": {"executed_lines": [98, 99, 100, 101, 102], "summary": {"covered_lines": 5, "num_statements": 5, "percent_covered": 100.0, "percent_covered_display": "100", "missing_lines": 0, "excluded_lines": 0, "percent_statements_covered": 100.0, "percent_statements_covered_display": "100"}, "missing_lines": [], "excluded_lines": [], "start_line": 93}, "get_market_regime": {"executed_lines": [131, 132, 134, 137, 138, 139, 141, 143, 147, 148, 153, 154, 155, 156, 157, 159], "summary": {"covered_lines": 16, "num_statements": 18, "percent_covered": 88.88888888888889, "percent_covered_display": "89", "missing_lines": 2, "excluded_lines": 0, "percent_statements_covered": 88.88888888888889, "percent_statements_covered_display": "89"}, "missing_lines": [135, 144], "excluded_lines": [], "start_line": 107}, "is_market_bullish": {"executed_lines": [], "summary": {"covered_lines": 0, "num_statements": 2, "percent_covered": 0.0, "percent_covered_display": "0", "missing_lines": 2, "excluded_lines": 0, "percent_statements_covered": 0.0, "percent_statements_covered_display": "0"}, "missing_lines": [167, 168], "excluded_lines": [], "start_line": 162}, "check_trend": {"executed_lines": [182, 183, 184, 185, 186, 187, 188], "summary": {"covered_lines": 7, "num_statements": 7, "percent_covered": 100.0, "percent_covered_display": "100", "missing_lines": 0, "excluded_lines": 0, "percent_statements_covered": 100.0, "percent_statements_covered_display": "100"}, "missing_lines": [], "excluded_lines": [], "start_line": 173}, "check_consolidation": {"executed_lines": [211, 212, 214, 215, 217, 218, 219, 221, 222, 224, 225, 227], "summary": {"covered_lines": 12, "num_statements": 12, "percent_covered": 100.0, "percent_covered_display": "100", "missing_lines": 0, "excluded_lines": 0, "percent_statements_covered": 100.0, "percent_statements_covered_display": "100"}, "missing_lines": [], "excluded_lines": [], "start_line": 197}, "check_volume": {"executed_lines": [251, 254, 257, 258, 259, 260, 262, 263, 265], "summary": {"covered_lines": 9, "num_statements": 11, "percent_covered": 81.81818181818181, "percent_covered_display": "82", "missing_lines": 2, "excluded_lines": 0, "percent_statements_covered": 81.81818181818181, "percent_statements_covered_display": "82"}, "missing_lines": [252, 255], "excluded_lines": [], "start_line": 237}, "check_gap_up": {"executed_lines": [285, 286, 287], "summary": {"covered_lines": 3, "num_statements": 3, "percent_covered": 100.0, "percent_covered_display": "100", "missing_lines": 0, "excluded_lines": 0, "percent_statements_covered": 100.0, "percent_statements_covered_display": "100"}, "missing_lines": [], "excluded_lines": [], "start_line": 274}, "check_gap_condition": {"executed_lines": [304, 306, 307], "summary": {"covered_lines": 3, "num_statements": 4, "percent_covered": 75.0, "percent_covered_display": "75", "missing_lines": 1, "excluded_lines": 0, "percent_statements_covered": 75.0, "percent_statements_covered_display": "75"}, "missing_lines": [305], "excluded_lines": [], "start_line": 294}, "check_liquidity": {"executed_lines": [327, 328, 330, 333, 334, 335], "summary": {"covered_lines": 6, "num_statements": 7, "percent_covered": 85.71428571428571, "percent_covered_display": "86", "missing_lines": 1, "excluded_lines": 0, "percent_statements_covered": 85.71428571428571, "percent_statements_covered_display": "86"}, "missing_lines": [331], "excluded_lines": [], "start_line": 312}, "_trend_score": {"executed_lines": [352, 353, 354, 355, 356, 357, 358, 359, 361], "summary": {"covered_lines": 9, "num_statements": 9, "percent_covered": 100.0, "percent_covered_display": "100", "missing_lines": 0, "excluded_lines": 0, "percent_statements_covered": 100.0, "percent_statements_covered_display": "100"}, "missing_lines": [], "excluded_lines": [], "start_line": 340}, "score_long_breakout": {"executed_lines": [377, 378, 379, 381, 382, 384, 386], "summary": {"covered_lines": 7, "num_statements": 7, "percent_covered": 100.0, "percent_covered_display": "100", "missing_lines": 0, "excluded_lines": 0, "percent_statements_covered": 100.0, "percent_statements_covered_display": "100"}, "missing_lines": [], "excluded_lines": [], "start_line": 364}, "calculate_trade_setup": {"executed_lines": [415, 416, 417, 418, 419, 421], "summary": {"covered_lines": 6, "num_statements": 6, "percent_covered": 100.0, "percent_covered_display": "100", "missing_lines": 0, "excluded_lines": 0, "percent_statements_covered": 100.0, "percent_statements_covered_display": "100"}, "missing_lines": [], "excluded_lines": [], "start_line": 397}, "calculate_market_breadth": {"executed_lines": [435, 436, 439, 442, 444, 445, 449, 451, 454, 457, 459, 462, 464, 465, 467, 470], "summary": {"covered_lines": 16, "num_statements": 22, "percent_covered": 72.72727272727273, "percent_covered_display": "73", "missing_lines": 6, "excluded_lines": 0, "percent_statements_covered": 72.72727272727273, "percent_statements_covered_display": "73"}, "missing_lines": [440, 446, 452, 455, 460, 468], "excluded_lines": [], "start_line": 434}, "": {"executed_lines": [22, 24, 26, 28, 48, 49, 50, 51, 54, 55, 56, 57, 58, 61, 62, 63, 64, 67, 68, 69, 70, 73, 74, 75, 76, 77, 78, 81, 82, 83, 84, 85, 86, 87, 88, 93, 107, 162, 173, 197, 237, 274, 294, 312, 340, 364, 397, 434], "summary": {"covered_lines": 48, "num_statements": 48, "percent_covered": 100.0, "percent_covered_display": "100", "missing_lines": 0, "excluded_lines": 0, "percent_statements_covered": 100.0, "percent_statements_covered_display": "100"}, "missing_lines": [], "excluded_lines": [], "start_line": 1}}, "classes": {"TrendResult": {"executed_lines": [], "summary": {"covered_lines": 0, "num_statements": 0, "percent_covered": 100.0, "percent_covered_display": "100", "missing_lines": 0, "excluded_lines": 0, "percent_statements_covered": 100.0, "percent_statements_covered_display": "100"}, "missing_lines": [], "excluded_lines": [], "start_line": 48}, "ConsolidationResult": {"executed_lines": [], "summary": {"covered_lines": 0, "num_statements": 0, "percent_covered": 100.0, "percent_covered_display": "100", "missing_lines": 0, "excluded_lines": 0, "percent_statements_covered": 100.0, "percent_statements_covered_display": "100"}, "missing_lines": [], "excluded_lines": [], "start_line": 54}, "VolumeResult": {"executed_lines": [], "summary": {"covered_lines": 0, "num_statements": 0, "percent_covered": 100.0, "percent_covered_display": "100", "missing_lines": 0, "excluded_lines": 0, "percent_statements_covered": 100.0, "percent_statements_covered_display": "100"}, "missing_lines": [], "excluded_lines": [], "start_line": 61}, "GapUpResult": {"executed_lines": [], "summary": {"covered_lines": 0, "num_statements": 0, "percent_covered": 100.0, "percent_covered_display": "100", "missing_lines": 0, "excluded_lines": 0, "percent_statements_covered": 100.0, "percent_statements_covered_display": "100"}, "missing_lines": [], "excluded_lines": [], "start_line": 67}, "ScoreResult": {"executed_lines": [], "summary": {"covered_lines": 0, "num_statements": 0, "percent_covered": 100.0, "percent_covered_display": "100", "missing_lines": 0, "excluded_lines": 0, "percent_statements_covered": 100.0, "percent_statements_covered_display": "100"}, "missing_lines": [], "excluded_lines": [], "start_line": 73}, "TradeSetupResult": {"executed_lines": [], "summary": {"covered_lines": 0, "num_statements": 0, "percent_covered": 100.0, "percent_covered_display": "100", "missing_lines": 0, "excluded_lines": 0, "percent_statements_covered": 100.0, "percent_statements_covered_display": "100"}, "missing_lines": [], "excluded_lines": [], "start_line": 81}, "": {"executed_lines": [22, 24, 26, 28, 48, 49, 50, 51, 54, 55, 56, 57, 58, 61, 62, 63, 64, 67, 68, 69, 70, 73, 74, 75, 76, 77, 78, 81, 82, 83, 84, 85, 86, 87, 88, 93, 98, 99, 100, 101, 102, 107, 131, 132, 134, 137, 138, 139, 141, 143, 147, 148, 153, 154, 155, 156, 157, 159, 162, 173, 182, 183, 184, 185, 186, 187, 188, 197, 211, 212, 214, 215, 217, 218, 219, 221, 222, 224, 225, 227, 237, 251, 254, 257, 258, 259, 260, 262, 263, 265, 274, 285, 286, 287, 294, 304, 306, 307, 312, 327, 328, 330, 333, 334, 335, 340, 352, 353, 354, 355, 356, 357, 358, 359, 361, 364, 377, 378, 379, 381, 382, 384, 386, 397, 415, 416, 417, 418, 419, 421, 434, 435, 436, 439, 442, 444, 445, 449, 451, 454, 457, 459, 462, 464, 465, 467, 470], "summary": {"covered_lines": 147, "num_statements": 161, "percent_covered": 91.30434782608695, "percent_covered_display": "91", "missing_lines": 14, "excluded_lines": 0, "percent_statements_covered": 91.30434782608695, "percent_statements_covered_display": "91"}, "missing_lines": [135, 144, 167, 168, 252, 255, 305, 331, 440, 446, 452, 455, 460, 468], "excluded_lines": [], "start_line": 1}}}, "strategies/short_breakout.py": {"executed_lines": [22, 24, 26, 28, 46, 56, 57, 58, 59, 62, 63, 64, 65, 66, 69, 70, 71, 72, 75, 76, 77, 78, 81, 82, 83, 84, 85, 86, 89, 90, 91, 92, 93, 94, 95, 96, 101, 126, 129, 132, 133, 134, 136, 138, 139, 142, 143, 155, 171, 180, 181, 182, 183, 184, 185, 186, 195, 210, 211, 213, 214, 216, 217, 218, 220, 221, 223, 224, 226, 236, 250, 251, 253, 262, 276, 277, 278, 279, 280, 281, 282, 283, 285, 288, 301, 302, 303, 306, 307, 309, 311, 322, 340, 341, 342, 343, 344, 346], "summary": {"covered_lines": 98, "num_statements": 108, "percent_covered": 90.74074074074075, "percent_covered_display": "91", "missing_lines": 10, "excluded_lines": 0, "percent_statements_covered": 90.74074074074075, "percent_statements_covered_display": "91"}, "missing_lines": [127, 130, 146, 147, 148, 149, 150, 152, 165, 166], "excluded_lines": [], "functions": {"get_market_regime_short": {"executed_lines": [126, 129, 132, 133, 134, 136, 138, 139, 142, 143], "summary": {"covered_lines": 10, "num_statements": 18, "percent_covered": 55.55555555555556, "percent_covered_display": "56", "missing_lines": 8, "excluded_lines": 0, "percent_statements_covered": 55.55555555555556, "percent_statements_covered_display": "56"}, "missing_lines": [127, 130, 146, 147, 148, 149, 150, 152], "excluded_lines": [], "start_line": 101}, "is_market_bearish": {"executed_lines": [], "summary": {"covered_lines": 0, "num_statements": 2, "percent_covered": 0.0, "percent_covered_display": "0", "missing_lines": 2, "excluded_lines": 0, "percent_statements_covered": 0.0, "percent_statements_covered_display": "0"}, "missing_lines": [165, 166], "excluded_lines": [], "start_line": 155}, "check_trend_short": {"executed_lines": [180, 181, 182, 183, 184, 185, 186], "summary": {"covered_lines": 7, "num_statements": 7, "percent_covered": 100.0, "percent_covered_display": "100", "missing_lines": 0, "excluded_lines": 0, "percent_statements_covered": 100.0, "percent_statements_covered_display": "100"}, "missing_lines": [], "excluded_lines": [], "start_line": 171}, "check_consolidation_short": {"executed_lines": [210, 211, 213, 214, 216, 217, 218, 220, 221, 223, 224, 226], "summary": {"covered_lines": 12, "num_statements": 12, "percent_covered": 100.0, "percent_covered_display": "100", "missing_lines": 0, "excluded_lines": 0, "percent_statements_covered": 100.0, "percent_statements_covered_display": "100"}, "missing_lines": [], "excluded_lines": [], "start_line": 195}, "check_gap_down": {"executed_lines": [250, 251, 253], "summary": {"covered_lines": 3, "num_statements": 3, "percent_covered": 100.0, "percent_covered_display": "100", "missing_lines": 0, "excluded_lines": 0, "percent_statements_covered": 100.0, "percent_statements_covered_display": "100"}, "missing_lines": [], "excluded_lines": [], "start_line": 236}, "_trend_score_short": {"executed_lines": [276, 277, 278, 279, 280, 281, 282, 283, 285], "summary": {"covered_lines": 9, "num_statements": 9, "percent_covered": 100.0, "percent_covered_display": "100", "missing_lines": 0, "excluded_lines": 0, "percent_statements_covered": 100.0, "percent_statements_covered_display": "100"}, "missing_lines": [], "excluded_lines": [], "start_line": 262}, "score_short_breakout": {"executed_lines": [301, 302, 303, 306, 307, 309, 311], "summary": {"covered_lines": 7, "num_statements": 7, "percent_covered": 100.0, "percent_covered_display": "100", "missing_lines": 0, "excluded_lines": 0, "percent_statements_covered": 100.0, "percent_statements_covered_display": "100"}, "missing_lines": [], "excluded_lines": [], "start_line": 288}, "calculate_trade_setup_short": {"executed_lines": [340, 341, 342, 343, 344, 346], "summary": {"covered_lines": 6, "num_statements": 6, "percent_covered": 100.0, "percent_covered_display": "100", "missing_lines": 0, "excluded_lines": 0, "percent_statements_covered": 100.0, "percent_statements_covered_display": "100"}, "missing_lines": [], "excluded_lines": [], "start_line": 322}, "": {"executed_lines": [22, 24, 26, 28, 46, 56, 57, 58, 59, 62, 63, 64, 65, 66, 69, 70, 71, 72, 75, 76, 77, 78, 81, 82, 83, 84, 85, 86, 89, 90, 91, 92, 93, 94, 95, 96, 101, 155, 171, 195, 236, 262, 288, 322], "summary": {"covered_lines": 44, "num_statements": 44, "percent_covered": 100.0, "percent_covered_display": "100", "missing_lines": 0, "excluded_lines": 0, "percent_statements_covered": 100.0, "percent_statements_covered_display": "100"}, "missing_lines": [], "excluded_lines": [], "start_line": 1}}, "classes": {"TrendResult": {"executed_lines": [], "summary": {"covered_lines": 0, "num_statements": 0, "percent_covered": 100.0, "percent_covered_display": "100", "missing_lines": 0, "excluded_lines": 0, "percent_statements_covered": 100.0, "percent_statements_covered_display": "100"}, "missing_lines": [], "excluded_lines": [], "start_line": 56}, "ConsolidationResult": {"executed_lines": [], "summary": {"covered_lines": 0, "num_statements": 0, "percent_covered": 100.0, "percent_covered_display": "100", "missing_lines": 0, "excluded_lines": 0, "percent_statements_covered": 100.0, "percent_statements_covered_display": "100"}, "missing_lines": [], "excluded_lines": [], "start_line": 62}, "VolumeResult": {"executed_lines": [], "summary": {"covered_lines": 0, "num_statements": 0, "percent_covered": 100.0, "percent_covered_display": "100", "missing_lines": 0, "excluded_lines": 0, "percent_statements_covered": 100.0, "percent_statements_covered_display": "100"}, "missing_lines": [], "excluded_lines": [], "start_line": 69}, "GapDownResult": {"executed_lines": [], "summary": {"covered_lines": 0, "num_statements": 0, "percent_covered": 100.0, "percent_covered_display": "100", "missing_lines": 0, "excluded_lines": 0, "percent_statements_covered": 100.0, "percent_statements_covered_display": "100"}, "missing_lines": [], "excluded_lines": [], "start_line": 75}, "ScoreResult": {"executed_lines": [], "summary": {"covered_lines": 0, "num_statements": 0, "percent_covered": 100.0, "percent_covered_display": "100", "missing_lines": 0, "excluded_lines": 0, "percent_statements_covered": 100.0, "percent_statements_covered_display": "100"}, "missing_lines": [], "excluded_lines": [], "start_line": 81}, "TradeSetupResult": {"executed_lines": [], "summary": {"covered_lines": 0, "num_statements": 0, "percent_covered": 100.0, "percent_covered_display": "100", "missing_lines": 0, "excluded_lines": 0, "percent_statements_covered": 100.0, "percent_statements_covered_display": "100"}, "missing_lines": [], "excluded_lines": [], "start_line": 89}, "": {"executed_lines": [22, 24, 26, 28, 46, 56, 57, 58, 59, 62, 63, 64, 65, 66, 69, 70, 71, 72, 75, 76, 77, 78, 81, 82, 83, 84, 85, 86, 89, 90, 91, 92, 93, 94, 95, 96, 101, 126, 129, 132, 133, 134, 136, 138, 139, 142, 143, 155, 171, 180, 181, 182, 183, 184, 185, 186, 195, 210, 211, 213, 214, 216, 217, 218, 220, 221, 223, 224, 226, 236, 250, 251, 253, 262, 276, 277, 278, 279, 280, 281, 282, 283, 285, 288, 301, 302, 303, 306, 307, 309, 311, 322, 340, 341, 342, 343, 344, 346], "summary": {"covered_lines": 98, "num_statements": 108, "percent_covered": 90.74074074074075, "percent_covered_display": "91", "missing_lines": 10, "excluded_lines": 0, "percent_statements_covered": 90.74074074074075, "percent_statements_covered_display": "91"}, "missing_lines": [127, 130, 146, 147, 148, 149, 150, 152, 165, 166], "excluded_lines": [], "start_line": 1}}}, "tests/__init__.py": {"executed_lines": [], "summary": {"covered_lines": 0, "num_statements": 0, "percent_covered": 100.0, "percent_covered_display": "100", "missing_lines": 0, "excluded_lines": 0, "percent_statements_covered": 100.0, "percent_statements_covered_display": "100"}, "missing_lines": [], "excluded_lines": [], "functions": {"": {"executed_lines": [], "summary": {"covered_lines": 0, "num_statements": 0, "percent_covered": 100.0, "percent_covered_display": "100", "missing_lines": 0, "excluded_lines": 0, "percent_statements_covered": 100.0, "percent_statements_covered_display": "100"}, "missing_lines": [], "excluded_lines": [], "start_line": 1}}, "classes": {"": {"executed_lines": [], "summary": {"covered_lines": 0, "num_statements": 0, "percent_covered": 100.0, "percent_covered_display": "100", "missing_lines": 0, "excluded_lines": 0, "percent_statements_covered": 100.0, "percent_statements_covered_display": "100"}, "missing_lines": [], "excluded_lines": [], "start_line": 1}}}, "tests/fixtures/__init__.py": {"executed_lines": [], "summary": {"covered_lines": 0, "num_statements": 0, "percent_covered": 100.0, "percent_covered_display": "100", "missing_lines": 0, "excluded_lines": 0, "percent_statements_covered": 100.0, "percent_statements_covered_display": "100"}, "missing_lines": [], "excluded_lines": [], "functions": {"": {"executed_lines": [], "summary": {"covered_lines": 0, "num_statements": 0, "percent_covered": 100.0, "percent_covered_display": "100", "missing_lines": 0, "excluded_lines": 0, "percent_statements_covered": 100.0, "percent_statements_covered_display": "100"}, "missing_lines": [], "excluded_lines": [], "start_line": 1}}, "classes": {"": {"executed_lines": [], "summary": {"covered_lines": 0, "num_statements": 0, "percent_covered": 100.0, "percent_covered_display": "100", "missing_lines": 0, "excluded_lines": 0, "percent_statements_covered": 100.0, "percent_statements_covered_display": "100"}, "missing_lines": [], "excluded_lines": [], "start_line": 1}}}, "tests/integration/__init__.py": {"executed_lines": [], "summary": {"covered_lines": 0, "num_statements": 0, "percent_covered": 100.0, "percent_covered_display": "100", "missing_lines": 0, "excluded_lines": 0, "percent_statements_covered": 100.0, "percent_statements_covered_display": "100"}, "missing_lines": [], "excluded_lines": [], "functions": {"": {"executed_lines": [], "summary": {"covered_lines": 0, "num_statements": 0, "percent_covered": 100.0, "percent_covered_display": "100", "missing_lines": 0, "excluded_lines": 0, "percent_statements_covered": 100.0, "percent_statements_covered_display": "100"}, "missing_lines": [], "excluded_lines": [], "start_line": 1}}, "classes": {"": {"executed_lines": [], "summary": {"covered_lines": 0, "num_statements": 0, "percent_covered": 100.0, "percent_covered_display": "100", "missing_lines": 0, "excluded_lines": 0, "percent_statements_covered": 100.0, "percent_statements_covered_display": "100"}, "missing_lines": [], "excluded_lines": [], "start_line": 1}}},
[...]
, 18, 19, 21, 22, 23, 24], "summary": {"covered_lines": 9, "num_statements": 9, "percent_covered": 100.0, "percent_covered_display": "100", "missing_lines": 0, "excluded_lines": 0, "percent_statements_covered": 100.0, "percent_statements_covered_display": "100"}, "missing_lines": [], "excluded_lines": [], "start_line": 12}, "": {"executed_lines": [1, 2, 3, 4, 5, 7, 12], "summary": {"covered_lines": 7, "num_statements": 7, "percent_covered": 100.0, "percent_covered_display": "100", "missing_lines": 0, "excluded_lines": 0, "percent_statements_covered": 100.0, "percent_statements_covered_display": "100"}, "missing_lines": [], "excluded_lines": [], "start_line": 1}}, "classes": {"": {"executed_lines": [1, 2, 3, 4, 5, 7, 8, 9, 10, 12, 13, 14, 17, 18, 19, 21, 22, 23, 24], "summary": {"covered_lines": 19, "num_statements": 19, "percent_covered": 100.0, "percent_covered_display": "100", "missing_lines": 0, "excluded_lines": 0, "percent_statements_covered": 100.0, "percent_statements_covered_display": "100"}, "missing_lines": [], "excluded_lines": [], "start_line": 1}}}, "tests/unit/test_long_breakout.py": {"executed_lines": [1, 2, 3, 4, 20, 21, 23, 24, 31, 32, 34, 35, 36, 37, 39, 40, 41, 42, 44, 45, 46, 47, 48, 49, 50, 52, 53, 54, 55, 56, 57, 59, 60, 61, 63, 64, 65, 66, 67, 68, 70, 71, 73, 74, 75, 76, 77, 78, 80, 81, 82, 83, 84, 86, 88, 89, 90, 92, 93, 94, 95, 97, 98, 99, 103, 104, 105, 106, 108, 109, 110, 113, 115, 116, 117, 118, 120, 121, 122, 123, 124, 126, 127, 128, 129, 130, 132, 133, 134, 136, 137, 138, 139, 140, 141, 143, 144, 145, 146, 147, 148, 150, 151, 152, 153, 154, 156, 157, 158, 159], "summary": {"covered_lines": 110, "num_statements": 110, "percent_covered": 100.0, "percent_covered_display": "100", "missing_lines": 0, "excluded_lines": 0, "percent_statements_covered": 100.0, "percent_statements_covered_display": "100"}, "missing_lines": [], "excluded_lines": [], "functions": {"sample_df": {"executed_lines": [23, 24, 31, 32], "summary": {"covered_lines": 4, "num_statements": 4, "percent_covered": 100.0, "percent_covered_display": "100", "missing_lines": 0, "excluded_lines": 0, "percent_statements_covered": 100.0, "percent_statements_covered_display": "100"}, "missing_lines": [], "excluded_lines": [], "start_line": 21}, "test_add_indicators": {"executed_lines": [35, 36, 37], "summary": {"covered_lines": 3, "num_statements": 3, "percent_covered": 100.0, "percent_covered_display": "100", "missing_lines": 0, "excluded_lines": 0, "percent_statements_covered": 100.0, "percent_statements_covered_display": "100"}, "missing_lines": [], "excluded_lines": [], "start_line": 34}, "test_check_trend_passing": {"executed_lines": [40, 41, 42], "summary": {"covered_lines": 3, "num_statements": 3, "percent_covered": 100.0, "percent_covered_display": "100", "missing_lines": 0, "excluded_lines": 0, "percent_statements_covered": 100.0, "percent_statements_covered_display": "100"}, "missing_lines": [], "excluded_lines": [], "start_line": 39}, "test_check_trend_failing": {"executed_lines": [45, 46, 47, 48, 49, 50], "summary": {"covered_lines": 6, "num_statements": 6, "percent_covered": 100.0, "percent_covered_display": "100", "missing_lines": 0, "excluded_lines": 0, "percent_statements_covered": 100.0, "percent_statements_covered_display": "100"}, "missing_lines": [], "excluded_lines": [], "start_line": 44}, "test_check_consolidation_passing": {"executed_lines": [53, 54, 55, 56, 57, 59, 60, 61], "summary": {"covered_lines": 8, "num_statements": 8, "percent_covered": 100.0, "percent_covered_display": "100", "missing_lines": 0, "excluded_lines": 0, "percent_statements_covered": 100.0, "percent_statements_covered_display": "100"}, "missing_lines": [], "excluded_lines": [], "start_line": 52}, "test_check_consolidation_failing": {"executed_lines": [64, 65, 66, 67, 68, 70, 71], "summary": {"covered_lines": 7, "num_statements": 7, "percent_covered": 100.0, "percent_covered_display": "100", "missing_lines": 0, "excluded_lines": 0, "percent_statements_covered": 100.0, "percent_statements_covered_display": "100"}, "missing_lines": [], "excluded_lines": [], "start_line": 63}, "test_check_volume_passing": {"executed_lines": [74, 75, 76, 77, 78], "summary": {"covered_lines": 5, "num_statements": 5, "percent_covered": 100.0, "percent_covered_display": "100", "missing_lines": 0, "excluded_lines": 0, "percent_statements_covered": 100.0, "percent_statements_covered_display": "100"}, "missing_lines": [], "excluded_lines": [], "start_line": 73}, "test_check_volume_failing": {"executed_lines": [81, 82, 83, 84], "summary": {"covered_lines": 4, "num_statements": 4, "percent_covered": 100.0, "percent_covered_display": "100", "missing_lines": 0, "excluded_lines": 0, "percent_statements_covered": 100.0, "percent_statements_covered_display": "100"}, "missing_lines": [], "excluded_lines": [], "start_line": 80}, "test_get_market_regime": {"executed_lines": [88, 89, 90, 92, 93, 94, 95, 97, 98, 99, 103, 104, 105, 106, 108, 109, 110, 113, 115, 116, 117, 118], "summary": {"covered_lines": 22, "num_statements": 22, "percent_covered": 100.0, "percent_covered_display": "100", "missing_lines": 0, "excluded_lines": 0, "percent_statements_covered": 100.0, "percent_statements_covered_display": "100"}, "missing_lines": [], "excluded_lines": [], "start_line": 86}, "test_check_liquidity": {"executed_lines": [121, 122, 123, 124], "summary": {"covered_lines": 4, "num_statements": 4, "percent_covered": 100.0, "percent_covered_display": "100", "missing_lines": 0, "excluded_lines": 0, "percent_statements_covered": 100.0, "percent_statements_covered_display": "100"}, "missing_lines": [], "excluded_lines": [], "start_line": 120}, "test_check_gap_up": {"executed_lines": [127, 128, 129, 130], "summary": {"covered_lines": 4, "num_statements": 4, "percent_covered": 100.0, "percent_covered_display": "100", "missing_lines": 0, "excluded_lines": 0, "percent_statements_covered": 100.0, "percent_statements_covered_display": "100"}, "missing_lines": [], "excluded_lines": [], "start_line": 126}, "test_check_gap_condition": {"executed_lines": [133, 134], "summary": {"covered_lines": 2, "num_statements": 2, "percent_covered": 100.0, "percent_covered_display": "100", "missing_lines": 0, "excluded_lines": 0, "percent_statements_covered": 100.0, "percent_statements_covered_display": "100"}, "missing_lines": [], "excluded_lines": [], "start_line": 132}, "test_trend_score_variations": {"executed_lines": [137, 138, 139, 140, 141], "summary": {"covered_lines": 5, "num_statements": 5, "percent_covered": 100.0, "percent_covered_display": "100", "missing_lines": 0, "excluded_lines": 0, "percent_statements_covered": 100.0, "percent_statements_covered_display": "100"}, "missing_lines": [], "excluded_lines": [], "start_line": 136}, "test_calculate_market_breadth": {"executed_lines": [144, 145, 146, 147, 148], "summary": {"covered_lines": 5, "num_statements": 5, "percent_covered": 100.0, "percent_covered_display": "100", "missing_lines": 0, "excluded_lines": 0, "percent_statements_covered": 100.0, "percent_statements_covered_display": "100"}, "missing_lines": [], "excluded_lines": [], "start_line": 143}, "test_score_long_breakout": {"executed_lines": [151, 152, 153, 154], "summary": {"covered_lines": 4, "num_statements": 4, "percent_covered": 100.0, "percent_covered_display": "100", "missing_lines": 0, "excluded_lines": 0, "percent_statements_covered": 100.0, "percent_statements_covered_display": "100"}, "missing_lines": [], "excluded_lines": [], "start_line": 150}, "test_calculate_trade_setup": {"executed_lines": [157, 158, 159], "summary": {"covered_lines": 3, "num_statements": 3, "percent_covered": 100.0, "percent_covered_display": "100", "missing_lines": 0, "excluded_lines": 0, "percent_statements_covered": 100.0, "percent_statements_covered_display": "100"}, "missing_lines": [], "excluded_lines": [], "start_line": 156}, "": {"executed_lines": [1, 2, 3, 4, 20, 21, 34, 39, 44, 52, 63, 73, 80, 86, 120, 126, 132, 136, 143, 150, 156], "summary": {"covered_lines": 21, "num_statements": 21, "percent_covered": 100.0, "percent_covered_display": "100", "missing_lines": 0, "excluded_lines": 0, "percent_statements_covered": 100.0, "percent_statements_covered_display": "100"}, "missing_lines": [], "excluded_lines": [], "start_line": 1}}, "classes": {"": {"executed_lines": [1, 2, 3, 4, 20, 21, 23, 24, 31, 32, 34, 35, 36, 37, 39, 40, 41, 42, 44, 45, 46, 47, 48, 49, 50, 52, 53, 54, 55, 56, 57, 59, 60, 61, 63, 64, 65, 66, 67, 68, 70, 71, 73, 74, 75, 76, 77, 78, 80, 81, 82, 83, 84, 86, 88, 89, 90, 92, 93, 94, 95, 97, 98, 99, 103, 104, 105, 106, 108, 109, 110, 113, 115, 116, 117, 118, 120, 121, 122, 123, 124, 126, 127, 128, 129, 130, 132, 133, 134, 136, 137, 138, 139, 140, 141, 143, 144, 145, 146, 147, 148, 150, 151, 152, 153, 154, 156, 157, 158, 159], "summary": {"covered_lines": 110, "num_statements": 110, "percent_covered": 100.0, "percent_covered_display": "100", "missing_lines": 0, "excluded_lines": 0, "percent_statements_covered": 100.0, "percent_statements_covered_display": "100"}, "missing_lines": [], "excluded_lines": [], "start_line": 1}}}, "tests/unit/test_screener.py": {"executed_lines": [1, 2, 3, 4, 5, 6, 21, 22, 23, 24, 25, 26, 27, 28, 29, 31, 32, 33, 34, 36, 37, 38, 39, 40, 41, 43, 44, 45, 46, 48, 49, 51, 52, 53, 54, 56, 57, 58, 59, 60, 61, 62, 64, 65, 66, 67, 68, 69, 71, 72, 73, 74, 76, 77, 78, 79, 80, 81, 83, 84, 85, 87, 88, 89, 93, 94, 95, 96, 97, 100, 101, 103, 104, 105, 109, 110, 111, 112, 113, 116, 117, 119, 120, 121, 122, 123, 124, 125, 126, 127], "summary": {"covered_lines": 90, "num_statements": 90, "percent_covered": 100.0, "percent_covered_display": "100", "missing_lines": 0, "excluded_lines": 0, "percent_statements_covered": 100.0, "percent_statements_covered_display": "100"}, "missing_lines": [], "excluded_lines": [], "functions": {"test_is_near_earnings": {"executed_lines": [22, 23, 24, 25, 26, 27, 28, 29], "summary": {"covered_lines": 8, "num_statements": 8, "percent_covered": 100.0, "percent_covered_display": "100", "missing_lines": 0, "excluded_lines": 0, "percent_statements_covered": 100.0, "percent_statements_covered_display": "100"}, "missing_lines": [], "excluded_lines": [], "start_line": 21}, "test_display_helpers": {"executed_lines": [32, 33, 34, 36, 37, 38, 39, 40, 41, 43, 44, 45, 46, 48, 49], "summary": {"covered_lines": 15, "num_statements": 15, "percent_covered": 100.0, "percent_covered_display": "100", "missing_lines": 0, "excluded_lines": 0, "percent_statements_covered": 100.0, "percent_statements_covered_display": "100"}, "missing_lines": [], "excluded_lines": [], "start_line": 31}, "test_check_market_regime_fail": {"executed_lines": [52, 53, 54], "summary": {"covered_lines": 3, "num_statements": 3, "percent_covered": 100.0, "percent_covered_display": "100", "missing_lines": 0, "excluded_lines": 0, "percent_statements_covered": 100.0, "percent_statements_covered_display": "100"}, "missing_lines": [], "excluded_lines": [], "start_line": 51}, "test_check_market_regime_full": {"executed_lines": [57, 58, 59, 60, 61, 62], "summary": {"covered_lines": 6, "num_statements": 6, "percent_covered": 100.0, "percent_covered_display": "100", "missing_lines": 0, "excluded_lines": 0, "percent_statements_covered": 100.0, "percent_statements_covered_display": "100"}, "missing_lines": [], "excluded_lines": [], "start_line": 56}, "test_run_scanners_regime_fail": {"executed_lines": [65, 66, 67, 68, 69, 71, 72, 73, 74], "summary": {"covered_lines": 9, "num_statements": 9, "percent_covered": 100.0, "percent_covered_display": "100", "missing_lines": 0, "excluded_lines": 0, "percent_statements_covered": 100.0, "percent_statements_covered_display": "100"}, "missing_lines": [], "excluded_lines": [], "start_line": 64}, "test_run_scanners_data_error": {"executed_lines": [77, 78, 79, 80, 81, 83, 84, 85], "summary": {"covered_lines": 8, "num_statements": 8, "percent_covered": 100.0, "percent_covered_display": "100", "missing_lines": 0, "excluded_lines": 0, "percent_statements_covered": 100.0, "percent_statements_covered_display": "100"}, "missing_lines": [], "excluded_lines": [], "start_line": 76}, "test_run_screener_verbose": {"executed_lines": [88, 89, 93, 94, 95, 96, 97, 100, 101], "summary": {"covered_lines": 9, "num_statements": 9, "percent_covered": 100.0, "percent_covered_display": "100", "missing_lines": 0, "excluded_lines": 0, "percent_statements_covered": 100.0, "percent_statements_covered_display": "100"}, "missing_lines": [], "excluded_lines": [], "start_line": 87}, "test_run_screener_short_verbose": {"executed_lines": [104, 105, 109, 110, 111, 112, 113, 116, 117], "summary": {"covered_lines": 9, "num_statements": 9, "percent_covered": 100.0, "percent_covered_display": "100", "missing_lines": 0, "excluded_lines": 0, "percent_statements_covered": 100.0, "percent_statements_covered_display": "100"}, "missing_lines": [], "excluded_lines": [], "start_line": 103}, "test_main_dispatch": {"executed_lines": [120, 121, 122, 123, 124, 125, 126, 127], "summary": {"covered_lines": 8, "num_statements": 8, "percent_covered": 100.0, "percent_covered_display": "100", "missing_lines": 0, "excluded_lines": 0, "percent_statements_covered": 100.0, "percent_statements_covered_display": "100"}, "missing_lines": [], "excluded_lines": [], "start_line": 119}, "": {"executed_lines": [1, 2, 3, 4, 5, 6, 21, 31, 51, 56, 64, 76, 87, 103, 119], "summary": {"covered_lines": 15, "num_statements": 15, "percent_covered": 100.0, "percent_covered_display": "100", "missing_lines": 0, "excluded_lines": 0, "percent_statements_covered": 100.0, "percent_statements_covered_display": "100"}, "missing_lines": [], "excluded_lines": [], "start_line": 1}}, "classes": {"": {"executed_lines": [1, 2, 3, 4, 5, 6, 21, 22, 23, 24, 25, 26, 27, 28, 29, 31, 32, 33, 34, 36, 37, 38, 39, 40, 41, 43, 44, 45, 46, 48, 49, 51, 52, 53, 54, 56, 57, 58, 59, 60, 61, 62, 64, 65, 66, 67, 68, 69, 71, 72, 73, 74, 76, 77, 78, 79, 80, 81, 83, 84, 85, 87, 88, 89, 93, 94, 95, 96, 97, 100, 101, 103, 104, 105, 109, 110, 111, 112, 113, 116, 117, 119, 120, 121, 122, 123, 124, 125, 126, 127], "summary": {"covered_lines": 90, "num_statements": 90, "percent_covered": 100.0, "percent_covered_display": "100", "missing_lines": 0, "excluded_lines": 0, "percent_statements_covered": 100.0, "percent_statements_covered_display": "100"}, "missing_lines": [], "excluded_lines": [], "start_line": 1}}}, "tests/unit/test_short_breakout.py": {"executed_lines": [1, 2, 3, 4, 13, 15, 16, 18, 19, 26, 27, 29, 30, 31, 32, 33, 35, 37, 38, 39, 41, 42, 43, 44, 45, 46, 48, 49, 50, 52, 53, 55, 56, 57, 59, 60, 61, 62, 63, 64, 65, 66, 68, 69, 70, 71, 72, 73, 75, 76, 77, 78, 79, 80, 82, 83, 84, 90, 91, 92, 94, 95, 96, 97, 98, 99], "summary": {"covered_lines": 66, "num_statements": 66, "percent_covered": 100.0, "percent_covered_display": "100", "missing_lines": 0, "excluded_lines": 0, "percent_statements_covered": 100.0, "percent_statements_covered_display": "100"}, "missing_lines": [], "excluded_lines": [], "functions": {"sample_df_short": {"executed_lines": [18, 19, 26, 27], "summary": {"covered_lines": 4, "num_statements": 4, "percent_covered": 100.0, "percent_covered_display": "100", "missing_lines": 0, "excluded_lines": 0, "percent_statements_covered": 100.0, "percent_statements_covered_display": "100"}, "missing_lines": [], "excluded_lines": [], "start_line": 16}, "test_check_trend_short_passing": {"executed_lines": [30, 31, 32, 33], "summary": {"covered_lines": 4, "num_statements": 4, "percent_covered": 100.0, "percent_covered_display": "100", "missing_lines": 0, "excluded_lines": 0, "percent_statements_covered": 100.0, "percent_statements_covered_display": "100"}, "missing_lines": [], "excluded_lines": [], "start_line": 29}, "test_check_trend_short_failing": {"executed_lines": [37, 38, 39], "summary": {"covered_lines": 3, "num_statements": 3, "percent_covered": 100.0, "percent_covered_display": "100", "missing_lines": 0, "excluded_lines": 0, "percent_statements_covered": 100.0, "percent_statements_covered_display": "100"}, "missing_lines": [], "excluded_lines": [], "start_line": 35}, "test_check_consolidation_short_passing": {"executed_lines": [42, 43, 44, 45, 46, 48, 49, 50], "summary": {"covered_lines": 8, "num_statements": 8, "percent_covered": 100.0, "percent_covered_display": "100", "missing_lines": 0, "excluded_lines": 0, "percent_statements_covered": 100.0, "percent_statements_covered_display": "100"}, "missing_lines": [], "excluded_lines": [], "start_line": 41}, "test_check_consolidation_short_failing": {"executed_lines": [53, 55, 56, 57], "summary": {"covered_lines": 4, "num_statements": 4, "percent_covered": 100.0, "percent_covered_display": "100", "missing_lines": 0, "excluded_lines": 0, "percent_statements_covered": 100.0, "percent_statements_covered_display": "100"}, "missing_lines": [], "excluded_lines": [], "start_line": 52}, "test_get_market_regime_short": {"executed_lines": [60, 61, 62, 63, 64, 65, 66], "summary": {"covered_lines": 7, "num_statements": 7, "percent_covered": 100.0, "percent_covered_display": "100", "missing_lines": 0, "excluded_lines": 0, "percent_statements_covered": 100.0, "percent_statements_covered_display": "100"}, "missing_lines": [], "excluded_lines": [], "start_line": 59}, "test_check_gap_down": {"executed_lines": [69, 70, 71, 72, 73], "summary": {"covered_lines": 5, "num_statements": 5, "percent_covered": 100.0, "percent_covered_display": "100", "missing_lines": 0, "excluded_lines": 0, "percent_statements_covered": 100.0, "percent_statements_covered_display": "100"}, "missing_lines": [], "excluded_lines": [], "start_line": 68}, "test_trend_score_short_variations": {"executed_lines": [76, 77, 78, 79, 80], "summary": {"covered_lines": 5, "num_statements": 5, "percent_covered": 100.0, "percent_covered_display": "100", "missing_lines": 0, "excluded_lines": 0, "percent_statements_covered": 100.0, "percent_statements_covered_display": "100"}, "missing_lines": [], "excluded_lines": [], "start_line": 75}, "test_score_short_breakout": {"executed_lines": [83, 84, 90, 91, 92], "summary": {"covered_lines": 5, "num_statements": 5, "percent_covered": 100.0, "percent_covered_display": "100", "missing_lines": 0, "excluded_lines": 0, "percent_statements_covered": 100.0, "percent_statements_covered_display": "100"}, "missing_lines": [], "excluded_lines": [], "start_line": 82}, "test_calculate_trade_setup_short": {"executed_lines": [95, 96, 97, 98, 99], "summary": {"covered_lines": 5, "num_statements": 5, "percent_covered": 100.0, "percent_covered_display": "100", "missing_lines": 0, "excluded_lines": 0, "percent_statements_covered": 100.0, "percent_statements_covered_display": "100"}, "missing_lines": [], "excluded_lines": [], "start_line": 94}, "": {"executed_lines": [1, 2, 3, 4, 13, 15, 16, 29, 35, 41, 52, 59, 68, 75, 82, 94], "summary": {"covered_lines": 16, "num_statements": 16, "percent_covered": 100.0, "percent_covered_display": "100", "missing_lines": 0, "excluded_lines": 0, "percent_statements_covered": 100.0, "percent_statements_covered_display": "100"}, "missing_lines": [], "excluded_lines": [], "start_line": 1}}, "classes": {"": {"executed_lines": [1, 2, 3, 4, 13, 15, 16, 18, 19, 26, 27, 29, 30, 31, 32, 33, 35, 37, 38, 39, 41, 42, 43, 44, 45, 46, 48, 49, 50, 52, 53, 55, 56, 57, 59, 60, 61, 62, 63, 64, 65, 66, 68, 69, 70, 71, 72, 73, 75, 76, 77, 78, 79, 80, 82, 83, 84, 90, 91, 92, 94, 95, 96, 97, 98, 99], "summary": {"covered_lines": 66, "num_statements": 66, "percent_covered": 100.0, "percent_covered_display": "100", "missing_lines": 0, "excluded_lines": 0, "percent_statements_covered": 100.0, "percent_statements_covered_display": "100"}, "missing_lines": [], "excluded_lines": [], "start_line": 1}}}}, "totals": {"covered_lines": 1776, "num_statements": 2397, "percent_covered": 74.09261576971214, "percent_covered_display": "74", "missing_lines": 621, "excluded_lines": 0, "percent_statements_covered": 74.09261576971214, "percent_statements_covered_display": "74"}}